#
# There is insufficient memory for the Java Runtime Environment to continue.
# Native memory allocation (malloc) failed to allocate 1082232 bytes for Chunk::new
# Possible reasons:
#   The system is out of physical RAM or swap space
#   In 32 bit mode, the process size limit was hit
# Possible solutions:
#   Reduce memory load on the system
#   Increase physical memory or swap space
#   Check if swap backing store is full
#   Use 64 bit Java on a 64 bit OS
#   Decrease Java heap size (-Xmx/-Xms)
#   Decrease number of Java threads
#   Decrease Java thread stack sizes (-Xss)
#   Set larger code cache with -XX:ReservedCodeCacheSize=
# This output file may be truncated or incomplete.
#
#  Out of Memory Error (allocation.cpp:317), pid=5305, tid=2405714752
#
# JRE version: 6.0_26-b03
# Java VM: Java HotSpot(TM) Server VM (20.1-b02 mixed mode linux-x86 )

---------------  T H R E A D  ---------------

Current thread (0xb6895400):  JavaThread "C2 CompilerThread0" daemon [_thread_in_native, id=5317, stack(0x8f5c4000,0x8f645000)]

Stack: [0x8f5c4000,0x8f645000],  sp=0x8f641c50,  free space=503k
Native frames: (J=compiled Java code, j=interpreted, Vv=VM code, C=native code)
V  [libjvm.so+0x7248b0]  VMError::report_and_die()+0x2b0
V  [libjvm.so+0x2f68ff]  report_vm_out_of_memory(char const*, int, unsigned, char const*)+0x4f
V  [libjvm.so+0x15770c]  Chunk::operator new(unsigned, unsigned)+0x5c
V  [libjvm.so+0x157c36]  Arena::grow(unsigned)+0x26
V  [libjvm.so+0x645989]  resource_allocate_bytes(unsigned)+0x49
V  [libjvm.so+0x33de1d]  PhaseIdealLoop::Dominators()+0x5d
V  [libjvm.so+0x54fdc6]  PhaseIdealLoop::build_and_optimize(bool, bool)+0x376
V  [libjvm.so+0x2bc1ff]  Compile::Optimize()+0xb3f
V  [libjvm.so+0x2b8892]  Compile::Compile(ciEnv*, C2Compiler*, ciMethod*, int, bool, bool)+0x8a2
V  [libjvm.so+0x243877]  C2Compiler::compile_method(ciEnv*, ciMethod*, int)+0xe7
V  [libjvm.so+0x2c256c]  CompileBroker::invoke_compiler_on_method(CompileTask*)+0x2dc
V  [libjvm.so+0x2c1de1]  CompileBroker::compiler_thread_loop()+0x351
V  [libjvm.so+0x6e84f6]  compiler_thread_entry(JavaThread*, Thread*)+0x16
V  [libjvm.so+0x6e16bf]  JavaThread::run()+0x11f
V  [libjvm.so+0x5e2aee]  java_start(Thread*)+0x14e
C  [libpthread.so.0+0x6d4c]  short+0xcc


Current CompileTask:
C2:  40094 916      org.apache.maven.model.io.xpp3.MavenXpp3ReaderEx.parseModel(Lorg/codehaus/plexus/util/xml/pull/XmlPullParser;ZLorg/apache/maven/model/InputSource;)Lorg/apache/maven/model/Model; (2056 bytes)


---------------  P R O C E S S  ---------------

Java Threads: ( => current thread )
  0x88aa3400 JavaThread "Keep-Alive-Timer" daemon [_thread_blocked, id=5443, stack(0x8cf5e000,0x8cfaf000)]
  0x8be56400 JavaThread "resolver-4" daemon [_thread_blocked, id=5339, stack(0x8d5af000,0x8d600000)]
  0x8be55400 JavaThread "resolver-3" daemon [_thread_blocked, id=5338, stack(0x8ed26000,0x8ed77000)]
  0x8be55000 JavaThread "resolver-2" daemon [_thread_blocked, id=5337, stack(0x8ed77000,0x8edc8000)]
  0x8c35e400 JavaThread "resolver-1" daemon [_thread_blocked, id=5336, stack(0x8f0af000,0x8f100000)]
  0x8f39d800 JavaThread "com.google.inject.internal.util.$Finalizer" daemon [_thread_blocked, id=5321, stack(0x8f420000,0x8f471000)]
  0xb6899000 JavaThread "Low Memory Detector" daemon [_thread_blocked, id=5319, stack(0x8f4f2000,0x8f543000)]
  0xb6897400 JavaThread "C2 CompilerThread1" daemon [_thread_in_native, id=5318, stack(0x8f543000,0x8f5c4000)]
=>0xb6895400 JavaThread "C2 CompilerThread0" daemon [_thread_in_native, id=5317, stack(0x8f5c4000,0x8f645000)]
  0xb6893800 JavaThread "Signal Dispatcher" daemon [_thread_blocked, id=5316, stack(0x8f645000,0x8f696000)]
  0xb6885000 JavaThread "Finalizer" daemon [_thread_blocked, id=5315, stack(0x8fc2e000,0x8fc7f000)]
  0xb6883c00 JavaThread "Reference Handler" daemon [_thread_blocked, id=5314, stack(0x8f896000,0x8f8e7000)]
  0xb6804400 JavaThread "main" [_thread_in_vm, id=5310, stack(0xb693a000,0xb698b000)]

Other Threads:
  0xb6880000 VMThread [stack: 0x8f8e7000,0x8f968000] [id=5313]
  0xb689a800 WatcherThread [stack: 0x8f471000,0x8f4f2000] [id=5320]

VM state:not at safepoint (normal execution)

VM Mutex/Monitor currently owned by a thread: None

Heap
 PSYoungGen      total 162112K, used 110416K [0xa8f80000, 0xb3640000, 0xb36d0000)
  eden space 159552K, 67% used [0xa8f80000,0xaf8df638,0xb2b50000)
  from space 2560K, 98% used [0xb2b50000,0xb2dc4d68,0xb2dd0000)
  to   space 5568K, 0% used [0xb30d0000,0xb30d0000,0xb3640000)
 PSOldGen        total 37696K, used 21687K [0x940d0000, 0x965a0000, 0xa8f80000)
  object space 37696K, 57% used [0x940d0000,0x955fde08,0x965a0000)
 PSPermGen       total 54784K, used 28163K [0x900d0000, 0x93650000, 0x940d0000)
  object space 54784K, 51% used [0x900d0000,0x91c50c08,0x93650000)

Code Cache  [0xb3794000, 0xb3bfc000, 0xb6794000)
 total_blobs=1260 nmethods=878 adapters=335 free_code_cache=45786880 largest_free_block=18496

Dynamic libraries:
08048000-08052000 r-xp 00000000 00:11 14156522   /usr/lib/jvm/java-6-sun-1.6.0.26/jre/bin/java
08052000-08053000 rwxp 00009000 00:11 14156522   /usr/lib/jvm/java-6-sun-1.6.0.26/jre/bin/java
09435000-2067b000 rwxp 00000000 00:00 0          [heap]
76700000-767fa000 rwxp 00000000 00:00 0 
767fa000-76800000 ---p 00000000 00:00 0 
76800000-76839000 rwxp 00000000 00:00 0 
76839000-76900000 ---p 00000000 00:00 0 
76900000-769f5000 rwxp 00000000 00:00 0 
769f5000-76a00000 ---p 00000000 00:00 0 
76b00000-76b54000 rwxp 00000000 00:00 0 
76b54000-76c00000 ---p 00000000 00:00 0 
76c00000-76df7000 rwxp 00000000 00:00 0 
76df7000-76e00000 ---p 00000000 00:00 0 
76e00000-76ea9000 rwxp 00000000 00:00 0 
76ea9000-76f00000 ---p 00000000 00:00 0 
76f00000-76ff6000 rwxp 00000000 00:00 0 
76ff6000-77000000 ---p 00000000 00:00 0 
77000000-77100000 rwxp 00000000 00:00 0 
77100000-771fd000 rwxp 00000000 00:00 0 
771fd000-77200000 ---p 00000000 00:00 0 
77200000-772f2000 rwxp 00000000 00:00 0 
772f2000-77300000 ---p 00000000 00:00 0 
77300000-773f1000 rwxp 00000000 00:00 0 
773f1000-77400000 ---p 00000000 00:00 0 
77400000-774e1000 rwxp 00000000 00:00 0 
774e1000-77500000 ---p 00000000 00:00 0 
77500000-775f9000 rwxp 00000000 00:00 0 
775f9000-77600000 ---p 00000000 00:00 0 
77600000-776ff000 rwxp 00000000 00:00 0 
776ff000-77700000 ---p 00000000 00:00 0 
77700000-777fe000 rwxp 00000000 00:00 0 
777fe000-77800000 ---p 00000000 00:00 0 
77800000-778f2000 rwxp 00000000 00:00 0 
778f2000-77900000 ---p 00000000 00:00 0 
77900000-77b00000 rwxp 00000000 00:00 0 
77b00000-77d00000 rwxp 00000000 00:00 0 
77d00000-77df9000 rwxp 00000000 00:00 0 
77df9000-77e00000 ---p 00000000 00:00 0 
77e00000-77f00000 rwxp 00000000 00:00 0 
77f00000-77ff1000 rwxp 00000000 00:00 0 
77ff1000-78000000 ---p 00000000 00:00 0 
78000000-780f9000 rwxp 00000000 00:00 0 
780f9000-78100000 ---p 00000000 00:00 0 
78100000-781f1000 rwxp 00000000 00:00 0 
781f1000-78200000 ---p 00000000 00:00 0 
78200000-782f1000 rwxp 00000000 00:00 0 
782f1000-78300000 ---p 00000000 00:00 0 
78300000-783f9000 rwxp 00000000 00:00 0 
783f9000-78400000 ---p 00000000 00:00 0 
78400000-784f1000 rwxp 00000000 00:00 0 
784f1000-78500000 ---p 00000000 00:00 0 
78500000-785f9000 rwxp 00000000 00:00 0 
785f9000-78600000 ---p 00000000 00:00 0 
78600000-786f9000 rwxp 00000000 00:00 0 
786f9000-78700000 ---p 00000000 00:00 0 
78700000-787f9000 rwxp 00000000 00:00 0 
787f9000-78800000 ---p 00000000 00:00 0 
78800000-788f9000 rwxp 00000000 00:00 0 
788f9000-78900000 ---p 00000000 00:00 0 
78900000-789f9000 rwxp 00000000 00:00 0 
789f9000-78a00000 ---p 00000000 00:00 0 
78a00000-78af1000 rwxp 00000000 00:00 0 
78af1000-78b00000 ---p 00000000 00:00 0 
78b00000-78bf1000 rwxp 00000000 00:00 0 
78bf1000-78c00000 ---p 00000000 00:00 0 
78c00000-78cf1000 rwxp 00000000 00:00 0 
78cf1000-78d00000 ---p 00000000 00:00 0 
78d00000-78df1000 rwxp 00000000 00:00 0 
78df1000-78e00000 ---p 00000000 00:00 0 
78e00000-78ef1000 rwxp 00000000 00:00 0 
78ef1000-78f00000 ---p 00000000 00:00 0 
78f00000-78ff9000 rwxp 00000000 00:00 0 
78ff9000-79000000 ---p 00000000 00:00 0 
79000000-790f9000 rwxp 00000000 00:00 0 
790f9000-79100000 ---p 00000000 00:00 0 
79100000-791f9000 rwxp 00000000 00:00 0 
791f9000-79200000 ---p 00000000 00:00 0 
79200000-792f9000 rwxp 00000000 00:00 0 
792f9000-79300000 ---p 00000000 00:00 0 
79300000-793f9000 rwxp 00000000 00:00 0 
793f9000-79400000 ---p 00000000 00:00 0 
79400000-794f1000 rwxp 00000000 00:00 0 
794f1000-79500000 ---p 00000000 00:00 0 
79500000-795f1000 rwxp 00000000 00:00 0 
795f1000-79600000 ---p 00000000 00:00 0 
79600000-796f1000 rwxp 00000000 00:00 0 
796f1000-79700000 ---p 00000000 00:00 0 
79700000-797f1000 rwxp 00000000 00:00 0 
797f1000-79800000 ---p 00000000 00:00 0 
79800000-798f1000 rwxp 00000000 00:00 0 
798f1000-79900000 ---p 00000000 00:00 0 
79900000-799f9000 rwxp 00000000 00:00 0 
799f9000-79a00000 ---p 00000000 00:00 0 
79a00000-79af9000 rwxp 00000000 00:00 0 
79af9000-79b00000 ---p 00000000 00:00 0 
79b00000-79bf9000 rwxp 00000000 00:00 0 
79bf9000-79c00000 ---p 00000000 00:00 0 
79c00000-79cf9000 rwxp 00000000 00:00 0 
79cf9000-79d00000 ---p 00000000 00:00 0 
79d00000-79df9000 rwxp 00000000 00:00 0 
79df9000-79e00000 ---p 00000000 00:00 0 
79e00000-79ef9000 rwxp 00000000 00:00 0 
79ef9000-79f00000 ---p 00000000 00:00 0 
79f00000-79ff1000 rwxp 00000000 00:00 0 
79ff1000-7a000000 ---p 00000000 00:00 0 
7a000000-7a0f1000 rwxp 00000000 00:00 0 
7a0f1000-7a100000 ---p 00000000 00:00 0 
7a100000-7a1f1000 rwxp 00000000 00:00 0 
7a1f1000-7a200000 ---p 00000000 00:00 0 
7a200000-7a2f1000 rwxp 00000000 00:00 0 
7a2f1000-7a300000 ---p 00000000 00:00 0 
7a300000-7a3f1000 rwxp 00000000 00:00 0 
7a3f1000-7a400000 ---p 00000000 00:00 0 
7a400000-7a4f1000 rwxp 00000000 00:00 0 
7a4f1000-7a500000 ---p 00000000 00:00 0 
7a500000-7a5f9000 rwxp 00000000 00:00 0 
7a5f9000-7a600000 ---p 00000000 00:00 0 
7a600000-7a6f9000 rwxp 00000000 00:00 0 
7a6f9000-7a700000 ---p 00000000 00:00 0 
7a700000-7a7f1000 rwxp 00000000 00:00 0 
7a7f1000-7a800000 ---p 00000000 00:00 0 
7a800000-7a8f9000 rwxp 00000000 00:00 0 
7a8f9000-7a900000 ---p 00000000 00:00 0 
7a900000-7a9f1000 rwxp 00000000 00:00 0 
7a9f1000-7aa00000 ---p 00000000 00:00 0 
7aa00000-7aaf9000 rwxp 00000000 00:00 0 
7aaf9000-7ab00000 ---p 00000000 00:00 0 
7ab00000-7abf1000 rwxp 00000000 00:00 0 
7abf1000-7ac00000 ---p 00000000 00:00 0 
7ac00000-7acf1000 rwxp 00000000 00:00 0 
7acf1000-7ad00000 ---p 00000000 00:00 0 
7ad00000-7adf1000 rwxp 00000000 00:00 0 
7adf1000-7ae00000 ---p 00000000 00:00 0 
7ae00000-7aef1000 rwxp 00000000 00:00 0 
7aef1000-7af00000 ---p 00000000 00:00 0 
7af00000-7aff9000 rwxp 00000000 00:00 0 
7aff9000-7b000000 ---p 00000000 00:00 0 
7b000000-7b0f1000 rwxp 00000000 00:00 0 
7b0f1000-7b100000 ---p 00000000 00:00 0 
7b100000-7b1f9000 rwxp 00000000 00:00 0 
7b1f9000-7b200000 ---p 00000000 00:00 0 
7b200000-7b2f9000 rwxp 00000000 00:00 0 
7b2f9000-7b300000 ---p 00000000 00:00 0 
7b300000-7b3f9000 rwxp 00000000 00:00 0 
7b3f9000-7b400000 ---p 00000000 00:00 0 
7b400000-7b4f1000 rwxp 00000000 00:00 0 
7b4f1000-7b500000 ---p 00000000 00:00 0 
7b500000-7b5f1000 rwxp 00000000 00:00 0 
7b5f1000-7b600000 ---p 00000000 00:00 0 
7b600000-7b6f1000 rwxp 00000000 00:00 0 
7b6f1000-7b700000 ---p 00000000 00:00 0 
7b700000-7b7f9000 rwxp 00000000 00:00 0 
7b7f9000-7b800000 ---p 00000000 00:00 0 
7b800000-7b8f1000 rwxp 00000000 00:00 0 
7b8f1000-7b900000 ---p 00000000 00:00 0 
7b900000-7b9f9000 rwxp 00000000 00:00 0 
7b9f9000-7ba00000 ---p 00000000 00:00 0 
7ba00000-7baf9000 rwxp 00000000 00:00 0 
7baf9000-7bb00000 ---p 00000000 00:00 0 
7bb00000-7bbf9000 rwxp 00000000 00:00 0 
7bbf9000-7bc00000 ---p 00000000 00:00 0 
7bc00000-7bcf9000 rwxp 00000000 00:00 0 
7bcf9000-7bd00000 ---p 00000000 00:00 0 
7bd00000-7bdf9000 rwxp 00000000 00:00 0 
7bdf9000-7be00000 ---p 00000000 00:00 0 
7be00000-7bef1000 rwxp 00000000 00:00 0 
7bef1000-7bf00000 ---p 00000000 00:00 0 
7bf00000-7bff9000 rwxp 00000000 00:00 0 
7bff9000-7c000000 ---p 00000000 00:00 0 
7c000000-7c0f9000 rwxp 00000000 00:00 0 
7c0f9000-7c100000 ---p 00000000 00:00 0 
7c100000-7c1f9000 rwxp 00000000 00:00 0 
7c1f9000-7c200000 ---p 00000000 00:00 0 
7c200000-7c2f9000 rwxp 00000000 00:00 0 
7c2f9000-7c300000 ---p 00000000 00:00 0 
7c300000-7c3f1000 rwxp 00000000 00:00 0 
7c3f1000-7c400000 ---p 00000000 00:00 0 
7c400000-7c4f9000 rwxp 00000000 00:00 0 
7c4f9000-7c500000 ---p 00000000 00:00 0 
7c500000-7c5f1000 rwxp 00000000 00:00 0 
7c5f1000-7c600000 ---p 00000000 00:00 0 
7c600000-7c6f9000 rwxp 00000000 00:00 0 
7c6f9000-7c700000 ---p 00000000 00:00 0 
7c700000-7c7f1000 rwxp 00000000 00:00 0 
7c7f1000-7c800000 ---p 00000000 00:00 0 
7c800000-7c8f1000 rwxp 00000000 00:00 0 
7c8f1000-7c900000 ---p 00000000 00:00 0 
7c900000-7c9f9000 rwxp 00000000 00:00 0 
7c9f9000-7ca00000 ---p 00000000 00:00 0 
7ca00000-7caf1000 rwxp 00000000 00:00 0 
7caf1000-7cb00000 ---p 00000000 00:00 0 
7cb00000-7cbf9000 rwxp 00000000 00:00 0 
7cbf9000-7cc00000 ---p 00000000 00:00 0 
7cc00000-7ccf9000 rwxp 00000000 00:00 0 
7ccf9000-7cd00000 ---p 00000000 00:00 0 
7cd00000-7cdf9000 rwxp 00000000 00:00 0 
7cdf9000-7ce00000 ---p 00000000 00:00 0 
7ce00000-7cef9000 rwxp 00000000 00:00 0 
7cef9000-7cf00000 ---p 00000000 00:00 0 
7cf00000-7cff1000 rwxp 00000000 00:00 0 
7cff1000-7d000000 ---p 00000000 00:00 0 
7d000000-7d0f9000 rwxp 00000000 00:00 0 
7d0f9000-7d100000 ---p 00000000 00:00 0 
7d100000-7d1f1000 rwxp 00000000 00:00 0 
7d1f1000-7d200000 ---p 00000000 00:00 0 
7d200000-7d2f1000 rwxp 00000000 00:00 0 
7d2f1000-7d300000 ---p 00000000 00:00 0 
7d300000-7d3f9000 rwxp 00000000 00:00 0 
7d3f9000-7d400000 ---p 00000000 00:00 0 
7d400000-7d4f1000 rwxp 00000000 00:00 0 
7d4f1000-7d500000 ---p 00000000 00:00 0 
7d500000-7d5f9000 rwxp 00000000 00:00 0 
7d5f9000-7d600000 ---p 00000000 00:00 0 
7d600000-7d6f9000 rwxp 00000000 00:00 0 
7d6f9000-7d700000 ---p 00000000 00:00 0 
7d700000-7d7f1000 rwxp 00000000 00:00 0 
7d7f1000-7d800000 ---p 00000000 00:00 0 
7d800000-7d8f9000 rwxp 00000000 00:00 0 
7d8f9000-7d900000 ---p 00000000 00:00 0 
7d900000-7d9f1000 rwxp 00000000 00:00 0 
7d9f1000-7da00000 ---p 00000000 00:00 0 
7da00000-7daf9000 rwxp 00000000 00:00 0 
7daf9000-7db00000 ---p 00000000 00:00 0 
7db00000-7dbf1000 rwxp 00000000 00:00 0 
7dbf1000-7dc00000 ---p 00000000 00:00 0 
7dc00000-7dcf1000 rwxp 00000000 00:00 0 
7dcf1000-7dd00000 ---p 00000000 00:00 0 
7dd00000-7ddf9000 rwxp 00000000 00:00 0 
7ddf9000-7de00000 ---p 00000000 00:00 0 
7de00000-7def1000 rwxp 00000000 00:00 0 
7def1000-7df00000 ---p 00000000 00:00 0 
7df00000-7dff9000 rwxp 00000000 00:00 0 
7dff9000-7e000000 ---p 00000000 00:00 0 
7e000000-7e0f9000 rwxp 00000000 00:00 0 
7e0f9000-7e100000 ---p 00000000 00:00 0 
7e100000-7e1f9000 rwxp 00000000 00:00 0 
7e1f9000-7e200000 ---p 00000000 00:00 0 
7e200000-7e2f9000 rwxp 00000000 00:00 0 
7e2f9000-7e300000 ---p 00000000 00:00 0 
7e300000-7e3f9000 rwxp 00000000 00:00 0 
7e3f9000-7e400000 ---p 00000000 00:00 0 
7e400000-7e4f1000 rwxp 00000000 00:00 0 
7e4f1000-7e500000 ---p 00000000 00:00 0 
7e500000-7e5f1000 rwxp 00000000 00:00 0 
7e5f1000-7e600000 ---p 00000000 00:00 0 
7e600000-7e6f1000 rwxp 00000000 00:00 0 
7e6f1000-7e700000 ---p 00000000 00:00 0 
7e700000-7e7f1000 rwxp 00000000 00:00 0 
7e7f1000-7e800000 ---p 00000000 00:00 0 
7e800000-7e8f1000 rwxp 00000000 00:00 0 
7e8f1000-7e900000 ---p 00000000 00:00 0 
7e900000-7e9f1000 rwxp 00000000 00:00 0 
7e9f1000-7ea00000 ---p 00000000 00:00 0 
7ea00000-7eaf1000 rwxp 00000000 00:00 0 
7eaf1000-7eb00000 ---p 00000000 00:00 0 
7eb00000-7ebf9000 rwxp 00000000 00:00 0 
7ebf9000-7ec00000 ---p 00000000 00:00 0 
7ec00000-7ecf9000 rwxp 00000000 00:00 0 
7ecf9000-7ed00000 ---p 00000000 00:00 0 
7ed00000-7edf9000 rwxp 00000000 00:00 0 
7edf9000-7ee00000 ---p 00000000 00:00 0 
7ee00000-7eef9000 rwxp 00000000 00:00 0 
7eef9000-7ef00000 ---p 00000000 00:00 0 
7ef00000-7eff1000 rwxp 00000000 00:00 0 
7eff1000-7f000000 ---p 00000000 00:00 0 
7f000000-7f0f1000 rwxp 00000000 00:00 0 
7f0f1000-7f100000 ---p 00000000 00:00 0 
7f100000-7f1f1000 rwxp 00000000 00:00 0 
7f1f1000-7f200000 ---p 00000000 00:00 0 
7f200000-7f2f1000 rwxp 00000000 00:00 0 
7f2f1000-7f300000 ---p 00000000 00:00 0 
7f300000-7f3f1000 rwxp 00000000 00:00 0 
7f3f1000-7f400000 ---p 00000000 00:00 0 
7f400000-7f4f1000 rwxp 00000000 00:00 0 
7f4f1000-7f500000 ---p 00000000 00:00 0 
7f500000-7f5f9000 rwxp 00000000 00:00 0 
7f5f9000-7f600000 ---p 00000000 00:00 0 
7f600000-7f6f9000 rwxp 00000000 00:00 0 
7f6f9000-7f700000 ---p 00000000 00:00 0 
7f700000-7f7f1000 rwxp 00000000 00:00 0 
7f7f1000-7f800000 ---p 00000000 00:00 0 
7f800000-7f8f9000 rwxp 00000000 00:00 0 
7f8f9000-7f900000 ---p 00000000 00:00 0 
7f900000-7f9f1000 rwxp 00000000 00:00 0 
7f9f1000-7fa00000 ---p 00000000 00:00 0 
7fa00000-7faf9000 rwxp 00000000 00:00 0 
7faf9000-7fb00000 ---p 00000000 00:00 0 
7fb00000-7fbf1000 rwxp 00000000 00:00 0 
7fbf1000-7fc00000 ---p 00000000 00:00 0 
7fc00000-7fcf1000 rwxp 00000000 00:00 0 
7fcf1000-7fd00000 ---p 00000000 00:00 0 
7fd00000-7fdf9000 rwxp 00000000 00:00 0 
7fdf9000-7fe00000 ---p 00000000 00:00 0 
7fe00000-7fef1000 rwxp 00000000 00:00 0 
7fef1000-7ff00000 ---p 00000000 00:00 0 
7ff00000-7fff9000 rwxp 00000000 00:00 0 
7fff9000-80000000 ---p 00000000 00:00 0 
80000000-800f9000 rwxp 00000000 00:00 0 
800f9000-80100000 ---p 00000000 00:00 0 
80100000-801f9000 rwxp 00000000 00:00 0 
801f9000-80200000 ---p 00000000 00:00 0 
80200000-802f9000 rwxp 00000000 00:00 0 
802f9000-80300000 ---p 00000000 00:00 0 
80300000-803f1000 rwxp 00000000 00:00 0 
803f1000-80400000 ---p 00000000 00:00 0 
80400000-804f9000 rwxp 00000000 00:00 0 
804f9000-80500000 ---p 00000000 00:00 0 
80500000-805f1000 rwxp 00000000 00:00 0 
805f1000-80600000 ---p 00000000 00:00 0 
80600000-806f1000 rwxp 00000000 00:00 0 
806f1000-80700000 ---p 00000000 00:00 0 
80700000-807f9000 rwxp 00000000 00:00 0 
807f9000-80800000 ---p 00000000 00:00 0 
80800000-808f1000 rwxp 00000000 00:00 0 
808f1000-80900000 ---p 00000000 00:00 0 
80900000-809f9000 rwxp 00000000 00:00 0 
809f9000-80a00000 ---p 00000000 00:00 0 
80a00000-80af1000 rwxp 00000000 00:00 0 
80af1000-80b00000 ---p 00000000 00:00 0 
80b00000-80bf1000 rwxp 00000000 00:00 0 
80bf1000-80c00000 ---p 00000000 00:00 0 
80c00000-80cf1000 rwxp 00000000 00:00 0 
80cf1000-80d00000 ---p 00000000 00:00 0 
80d00000-80df1000 rwxp 00000000 00:00 0 
80df1000-80e00000 ---p 00000000 00:00 0 
80e00000-80ef1000 rwxp 00000000 00:00 0 
80ef1000-80f00000 ---p 00000000 00:00 0 
80f00000-80ff9000 rwxp 00000000 00:00 0 
80ff9000-81000000 ---p 00000000 00:00 0 
81000000-810f9000 rwxp 00000000 00:00 0 
810f9000-81100000 ---p 00000000 00:00 0 
81100000-811f9000 rwxp 00000000 00:00 0 
811f9000-81200000 ---p 00000000 00:00 0 
81200000-812f9000 rwxp 00000000 00:00 0 
812f9000-81300000 ---p 00000000 00:00 0 
81300000-813f1000 rwxp 00000000 00:00 0 
813f1000-81400000 ---p 00000000 00:00 0 
81400000-814f9000 rwxp 00000000 00:00 0 
814f9000-81500000 ---p 00000000 00:00 0 
81500000-815f1000 rwxp 00000000 00:00 0 
815f1000-81600000 ---p 00000000 00:00 0 
81600000-816f9000 rwxp 00000000 00:00 0 
816f9000-81700000 ---p 00000000 00:00 0 
81700000-817f1000 rwxp 00000000 00:00 0 
817f1000-81800000 ---p 00000000 00:00 0 
81800000-818f1000 rwxp 00000000 00:00 0 
818f1000-81900000 ---p 00000000 00:00 0 
81900000-819f9000 rwxp 00000000 00:00 0 
819f9000-81a00000 ---p 00000000 00:00 0 
81a00000-81af1000 rwxp 00000000 00:00 0 
81af1000-81b00000 ---p 00000000 00:00 0 
81b00000-81bf9000 rwxp 00000000 00:00 0 
81bf9000-81c00000 ---p 00000000 00:00 0 
81c00000-81cf9000 rwxp 00000000 00:00 0 
81cf9000-81d00000 ---p 00000000 00:00 0 
81d00000-81df1000 rwxp 00000000 00:00 0 
81df1000-81e00000 ---p 00000000 00:00 0 
81e00000-81ef9000 rwxp 00000000 00:00 0 
81ef9000-81f00000 ---p 00000000 00:00 0 
81f00000-81ff1000 rwxp 00000000 00:00 0 
81ff1000-82000000 ---p 00000000 00:00 0 
82000000-820f9000 rwxp 00000000 00:00 0 
820f9000-82100000 ---p 00000000 00:00 0 
82100000-821f1000 rwxp 00000000 00:00 0 
821f1000-82200000 ---p 00000000 00:00 0 
82200000-822f1000 rwxp 00000000 00:00 0 
822f1000-82300000 ---p 00000000 00:00 0 
82300000-823f9000 rwxp 00000000 00:00 0 
823f9000-82400000 ---p 00000000 00:00 0 
82400000-824f9000 rwxp 00000000 00:00 0 
824f9000-82500000 ---p 00000000 00:00 0 
82500000-825f9000 rwxp 00000000 00:00 0 
825f9000-82600000 ---p 00000000 00:00 0 
82600000-826f9000 rwxp 00000000 00:00 0 
826f9000-82700000 ---p 00000000 00:00 0 
82700000-827f1000 rwxp 00000000 00:00 0 
827f1000-82800000 ---p 00000000 00:00 0 
82800000-828f9000 rwxp 00000000 00:00 0 
828f9000-82900000 ---p 00000000 00:00 0 
82900000-829f1000 rwxp 00000000 00:00 0 
829f1000-82a00000 ---p 00000000 00:00 0 
82a00000-82af9000 rwxp 00000000 00:00 0 
82af9000-82b00000 ---p 00000000 00:00 0 
82b00000-82bf1000 rwxp 00000000 00:00 0 
82bf1000-82c00000 ---p 00000000 00:00 0 
82c00000-82cf1000 rwxp 00000000 00:00 0 
82cf1000-82d00000 ---p 00000000 00:00 0 
82d00000-82df1000 rwxp 00000000 00:00 0 
82df1000-82e00000 ---p 00000000 00:00 0 
82e00000-82ef1000 rwxp 00000000 00:00 0 
82ef1000-82f00000 ---p 00000000 00:00 0 
82f00000-82ff9000 rwxp 00000000 00:00 0 
82ff9000-83000000 ---p 00000000 00:00 0 
83000000-830f1000 rwxp 00000000 00:00 0 
830f1000-83100000 ---p 00000000 00:00 0 
83100000-831f9000 rwxp 00000000 00:00 0 
831f9000-83200000 ---p 00000000 00:00 0 
83200000-832f9000 rwxp 00000000 00:00 0 
832f9000-83300000 ---p 00000000 00:00 0 
83300000-833f9000 rwxp 00000000 00:00 0 
833f9000-83400000 ---p 00000000 00:00 0 
83400000-834f1000 rwxp 00000000 00:00 0 
834f1000-83500000 ---p 00000000 00:00 0 
83500000-835f1000 rwxp 00000000 00:00 0 
835f1000-83600000 ---p 00000000 00:00 0 
83600000-836f1000 rwxp 00000000 00:00 0 
836f1000-83700000 ---p 00000000 00:00 0 
83700000-837f1000 rwxp 00000000 00:00 0 
837f1000-83800000 ---p 00000000 00:00 0 
83800000-838f1000 rwxp 00000000 00:00 0 
838f1000-83900000 ---p 00000000 00:00 0 
83900000-839f1000 rwxp 00000000 00:00 0 
839f1000-83a00000 ---p 00000000 00:00 0 
83a00000-83af1000 rwxp 00000000 00:00 0 
83af1000-83b00000 ---p 00000000 00:00 0 
83b00000-83bf9000 rwxp 00000000 00:00 0 
83bf9000-83c00000 ---p 00000000 00:00 0 
83c00000-83cf9000 rwxp 00000000 00:00 0 
83cf9000-83d00000 ---p 00000000 00:00 0 
83d00000-83df1000 rwxp 00000000 00:00 0 
83df1000-83e00000 ---p 00000000 00:00 0 
83e00000-83ef9000 rwxp 00000000 00:00 0 
83ef9000-83f00000 ---p 00000000 00:00 0 
83f00000-83ff1000 rwxp 00000000 00:00 0 
83ff1000-84000000 ---p 00000000 00:00 0 
84000000-840f9000 rwxp 00000000 00:00 0 
840f9000-84100000 ---p 00000000 00:00 0 
84100000-841f1000 rwxp 00000000 00:00 0 
841f1000-84200000 ---p 00000000 00:00 0 
84200000-842f1000 rwxp 00000000 00:00 0 
842f1000-84300000 ---p 00000000 00:00 0 
84300000-843f1000 rwxp 00000000 00:00 0 
843f1000-84400000 ---p 00000000 00:00 0 
84400000-844f1000 rwxp 00000000 00:00 0 
844f1000-84500000 ---p 00000000 00:00 0 
84500000-845f9000 rwxp 00000000 00:00 0 
845f9000-84600000 ---p 00000000 00:00 0 
84600000-846f9000 rwxp 00000000 00:00 0 
846f9000-84700000 ---p 00000000 00:00 0 
84700000-847f9000 rwxp 00000000 00:00 0 
847f9000-84800000 ---p 00000000 00:00 0 
84800000-848f9000 rwxp 00000000 00:00 0 
848f9000-84900000 ---p 00000000 00:00 0 
84900000-849f1000 rwxp 00000000 00:00 0 
849f1000-84a00000 ---p 00000000 00:00 0 
84a00000-84af9000 rwxp 00000000 00:00 0 
84af9000-84b00000 ---p 00000000 00:00 0 
84b00000-84bf1000 rwxp 00000000 00:00 0 
84bf1000-84c00000 ---p 00000000 00:00 0 
84c00000-84cf1000 rwxp 00000000 00:00 0 
84cf1000-84d00000 ---p 00000000 00:00 0 
84d00000-84df9000 rwxp 00000000 00:00 0 
84df9000-84e00000 ---p 00000000 00:00 0 
84e00000-84ef1000 rwxp 00000000 00:00 0 
84ef1000-84f00000 ---p 00000000 00:00 0 
84f00000-84ff9000 rwxp 00000000 00:00 0 
84ff9000-85000000 ---p 00000000 00:00 0 
85000000-850f1000 rwxp 00000000 00:00 0 
850f1000-85100000 ---p 00000000 00:00 0 
85100000-851f1000 rwxp 00000000 00:00 0 
851f1000-85200000 ---p 00000000 00:00 0 
85200000-852f1000 rwxp 00000000 00:00 0 
852f1000-85300000 ---p 00000000 00:00 0 
85300000-853f9000 rwxp 00000000 00:00 0 
853f9000-85400000 ---p 00000000 00:00 0 
85400000-854f1000 rwxp 00000000 00:00 0 
854f1000-85500000 ---p 00000000 00:00 0 
85500000-855f9000 rwxp 00000000 00:00 0 
855f9000-85600000 ---p 00000000 00:00 0 
85600000-856f9000 rwxp 00000000 00:00 0 
856f9000-85700000 ---p 00000000 00:00 0 
85700000-857f9000 rwxp 00000000 00:00 0 
857f9000-85800000 ---p 00000000 00:00 0 
85800000-858f9000 rwxp 00000000 00:00 0 
858f9000-85900000 ---p 00000000 00:00 0 
85900000-859f9000 rwxp 00000000 00:00 0 
859f9000-85a00000 ---p 00000000 00:00 0 
85a00000-85af9000 rwxp 00000000 00:00 0 
85af9000-85b00000 ---p 00000000 00:00 0 
85b00000-85bf1000 rwxp 00000000 00:00 0 
85bf1000-85c00000 ---p 00000000 00:00 0 
85c00000-85cf1000 rwxp 00000000 00:00 0 
85cf1000-85d00000 ---p 00000000 00:00 0 
85d00000-85df1000 rwxp 00000000 00:00 0 
85df1000-85e00000 ---p 00000000 00:00 0 
85e00000-85ef1000 rwxp 00000000 00:00 0 
85ef1000-85f00000 ---p 00000000 00:00 0 
85f00000-85ff9000 rwxp 00000000 00:00 0 
85ff9000-86000000 ---p 00000000 00:00 0 
86000000-860f9000 rwxp 00000000 00:00 0 
860f9000-86100000 ---p 00000000 00:00 0 
86100000-861f9000 rwxp 00000000 00:00 0 
861f9000-86200000 ---p 00000000 00:00 0 
86200000-862f9000 rwxp 00000000 00:00 0 
862f9000-86300000 ---p 00000000 00:00 0 
86300000-863f9000 rwxp 00000000 00:00 0 
863f9000-86400000 ---p 00000000 00:00 0 
86400000-864f1000 rwxp 00000000 00:00 0 
864f1000-86500000 ---p 00000000 00:00 0 
86500000-865f1000 rwxp 00000000 00:00 0 
865f1000-86600000 ---p 00000000 00:00 0 
86600000-866f1000 rwxp 00000000 00:00 0 
866f1000-86700000 ---p 00000000 00:00 0 
86700000-867f1000 rwxp 00000000 00:00 0 
867f1000-86800000 ---p 00000000 00:00 0 
86800000-868f1000 rwxp 00000000 00:00 0 
868f1000-86900000 ---p 00000000 00:00 0 
86900000-869f9000 rwxp 00000000 00:00 0 
869f9000-86a00000 ---p 00000000 00:00 0 
86a00000-86af9000 rwxp 00000000 00:00 0 
86af9000-86b00000 ---p 00000000 00:00 0 
86b00000-86bf9000 rwxp 00000000 00:00 0 
86bf9000-86c00000 ---p 00000000 00:00 0 
86c00000-86cf9000 rwxp 00000000 00:00 0 
86cf9000-86d00000 ---p 00000000 00:00 0 
86d00000-86df1000 rwxp 00000000 00:00 0 
86df1000-86e00000 ---p 00000000 00:00 0 
86e00000-86ef1000 rwxp 00000000 00:00 0 
86ef1000-86f00000 ---p 00000000 00:00 0 
86f00000-86ff1000 rwxp 00000000 00:00 0 
86ff1000-87000000 ---p 00000000 00:00 0 
87000000-870f1000 rwxp 00000000 00:00 0 
870f1000-87100000 ---p 00000000 00:00 0 
87100000-871f1000 rwxp 00000000 00:00 0 
871f1000-87200000 ---p 00000000 00:00 0 
87200000-872f1000 rwxp 00000000 00:00 0 
872f1000-87300000 ---p 00000000 00:00 0 
87300000-873f9000 rwxp 00000000 00:00 0 
873f9000-87400000 ---p 00000000 00:00 0 
87400000-874f9000 rwxp 00000000 00:00 0 
874f9000-87500000 ---p 00000000 00:00 0 
87500000-875f9000 rwxp 00000000 00:00 0 
875f9000-87600000 ---p 00000000 00:00 0 
87600000-876f9000 rwxp 00000000 00:00 0 
876f9000-87700000 ---p 00000000 00:00 0 
87700000-877f9000 rwxp 00000000 00:00 0 
877f9000-87800000 ---p 00000000 00:00 0 
87800000-878f9000 rwxp 00000000 00:00 0 
878f9000-87900000 ---p 00000000 00:00 0 
87900000-879f9000 rwxp 00000000 00:00 0 
879f9000-87a00000 ---p 00000000 00:00 0 
87a00000-87af9000 rwxp 00000000 00:00 0 
87af9000-87b00000 ---p 00000000 00:00 0 
87b00000-87bf9000 rwxp 00000000 00:00 0 
87bf9000-87c00000 ---p 00000000 00:00 0 
87c00000-87cf9000 rwxp 00000000 00:00 0 
87cf9000-87d00000 ---p 00000000 00:00 0 
87d00000-87df9000 rwxp 00000000 00:00 0 
87df9000-87e00000 ---p 00000000 00:00 0 
87e00000-87ef9000 rwxp 00000000 00:00 0 
87ef9000-87f00000 ---p 00000000 00:00 0 
87f00000-87ff9000 rwxp 00000000 00:00 0 
87ff9000-88000000 ---p 00000000 00:00 0 
88000000-880f9000 rwxp 00000000 00:00 0 
880f9000-88100000 ---p 00000000 00:00 0 
88100000-881f9000 rwxp 00000000 00:00 0 
881f9000-88200000 ---p 00000000 00:00 0 
88200000-882f9000 rwxp 00000000 00:00 0 
882f9000-88300000 ---p 00000000 00:00 0 
88300000-883f9000 rwxp 00000000 00:00 0 
883f9000-88400000 ---p 00000000 00:00 0 
88400000-884f9000 rwxp 00000000 00:00 0 
884f9000-88500000 ---p 00000000 00:00 0 
88500000-885f9000 rwxp 00000000 00:00 0 
885f9000-88600000 ---p 00000000 00:00 0 
88600000-886f9000 rwxp 00000000 00:00 0 
886f9000-88700000 ---p 00000000 00:00 0 
88700000-88800000 rwxp 00000000 00:00 0 
88900000-889fc000 rwxp 00000000 00:00 0 
889fc000-88a00000 ---p 00000000 00:00 0 
88a00000-88b00000 rwxp 00000000 00:00 0 
88b00000-88bf9000 rwxp 00000000 00:00 0 
88bf9000-88c00000 ---p 00000000 00:00 0 
88c00000-88cfe000 rwxp 00000000 00:00 0 
88cfe000-88d00000 ---p 00000000 00:00 0 
88d00000-88dff000 rwxp 00000000 00:00 0 
88dff000-88e00000 ---p 00000000 00:00 0 
88e00000-88efc000 rwxp 00000000 00:00 0 
88efc000-88f00000 ---p 00000000 00:00 0 
88f00000-88ffb000 rwxp 00000000 00:00 0 
88ffb000-89000000 ---p 00000000 00:00 0 
89000000-890ff000 rwxp 00000000 00:00 0 
890ff000-89100000 ---p 00000000 00:00 0 
89100000-891f9000 rwxp 00000000 00:00 0 
891f9000-89200000 ---p 00000000 00:00 0 
89200000-89300000 rwxp 00000000 00:00 0 
89300000-893f9000 rwxp 00000000 00:00 0 
893f9000-89400000 ---p 00000000 00:00 0 
89400000-894f9000 rwxp 00000000 00:00 0 
894f9000-89500000 ---p 00000000 00:00 0 
89500000-895ff000 rwxp 00000000 00:00 0 
895ff000-89600000 ---p 00000000 00:00 0 
89600000-896fc000 rwxp 00000000 00:00 0 
896fc000-89700000 ---p 00000000 00:00 0 
89700000-897fa000 rwxp 00000000 00:00 0 
897fa000-89800000 ---p 00000000 00:00 0 
89900000-899ee000 rwxp 00000000 00:00 0 
899ee000-89a00000 ---p 00000000 00:00 0 
89a00000-89afc000 rwxp 00000000 00:00 0 
89afc000-89b00000 ---p 00000000 00:00 0 
89b00000-89bef000 rwxp 00000000 00:00 0 
89bef000-89c00000 ---p 00000000 00:00 0 
89c00000-89cfe000 rwxp 00000000 00:00 0 
89cfe000-89d00000 ---p 00000000 00:00 0 
89d00000-89efb000 rwxp 00000000 00:00 0 
89efb000-89f00000 ---p 00000000 00:00 0 
89f00000-89ffc000 rwxp 00000000 00:00 0 
89ffc000-8a000000 ---p 00000000 00:00 0 
8a0e8000-8a0ec000 r-xs 00035000 00:11 14156671   /usr/lib/jvm/java-6-sun-1.6.0.26/jre/lib/ext/sunpkcs11.jar
8a0ec000-8a0ef000 r-xs 00027000 00:11 14156670   /usr/lib/jvm/java-6-sun-1.6.0.26/jre/lib/ext/sunjce_provider.jar
8a0ef000-8a102000 r-xp 00000000 00:11 11670448   /lib/i386-linux-gnu/libresolv-2.15.so
8a102000-8a103000 ---p 00013000 00:11 11670448   /lib/i386-linux-gnu/libresolv-2.15.so
8a103000-8a104000 r-xp 00013000 00:11 11670448   /lib/i386-linux-gnu/libresolv-2.15.so
8a104000-8a105000 rwxp 00014000 00:11 11670448   /lib/i386-linux-gnu/libresolv-2.15.so
8a105000-8a107000 rwxp 00000000 00:00 0 
8a107000-8a10c000 r-xp 00000000 00:11 11670428   /lib/i386-linux-gnu/libnss_dns-2.15.so
8a10c000-8a10d000 r-xp 00004000 00:11 11670428   /lib/i386-linux-gnu/libnss_dns-2.15.so
8a10d000-8a10e000 rwxp 00005000 00:11 11670428   /lib/i386-linux-gnu/libnss_dns-2.15.so
8a10e000-8a119000 r-xp 00000000 00:11 11670429   /lib/i386-linux-gnu/libnss_files-2.15.so
8a119000-8a11a000 r-xp 0000a000 00:11 11670429   /lib/i386-linux-gnu/libnss_files-2.15.so
8a11a000-8a11b000 rwxp 0000b000 00:11 11670429   /lib/i386-linux-gnu/libnss_files-2.15.so
8a11c000-8a11e000 r-xs 00001000 00:11 14156666   /usr/lib/jvm/java-6-sun-1.6.0.26/jre/lib/ext/dnsns.jar
8a11e000-8a12d000 r-xs 00667000 00:11 14156538   /usr/lib/jvm/java-6-sun-1.6.0.26/jre/lib/charsets.jar
8a12d000-8a130000 r-xs 00013000 00:11 14156565   /usr/lib/jvm/java-6-sun-1.6.0.26/jre/lib/jce.jar
8a130000-8a138000 r-xs 00115000 00:11 14156574   /usr/lib/jvm/java-6-sun-1.6.0.26/jre/lib/resources.jar
8a138000-8a13f000 r-xs 00094000 00:11 14156567   /usr/lib/jvm/java-6-sun-1.6.0.26/jre/lib/jsse.jar
8a13f000-8a143000 r-xs 000cb000 00:11 14156668   /usr/lib/jvm/java-6-sun-1.6.0.26/jre/lib/ext/localedata.jar
8a143000-8a152000 r-xs 00076000 00:24 7569270    /comptes/E12B336Z/.m2/repository/joda-time/joda-time/1.6.2/joda-time-1.6.2.jar
8a152000-8a156000 r-xs 00020000 00:24 19740925   /comptes/E12B336Z/.m2/repository/commons-digester/commons-digester/1.8/commons-digester-1.8.jar
8a156000-8a15b000 r-xs 00034000 00:24 7568234    /comptes/E12B336Z/.m2/repository/commons-beanutils/commons-beanutils/1.8.3/commons-beanutils-1.8.3.jar
8a15b000-8a15f000 r-xs 00028000 00:24 2214562858  /comptes/E12B336Z/.m2/repository/commons-validator/commons-validator/1.4.0/commons-validator-1.4.0.jar
8a15f000-8a161000 r-xs 0000b000 00:24 7568137    /comptes/E12B336Z/.m2/repository/org/codehaus/plexus/plexus-interpolation/1.9/plexus-interpolation-1.9.jar
8a161000-8a165000 r-xs 00035000 00:24 2334474357  /comptes/E12B336Z/.m2/repository/org/codehaus/plexus/plexus-utils/3.0.8/plexus-utils-3.0.8.jar
8a165000-8a167000 r-xs 00008000 00:24 2214556423  /comptes/E12B336Z/.m2/repository/org/apache/maven/scm/maven-scm-provider-git-commons/1.8/maven-scm-provider-git-commons-1.8.jar
8a167000-8a16a000 r-xs 0000d000 00:24 2214553106  /comptes/E12B336Z/.m2/repository/org/apache/maven/scm/maven-scm-provider-gitexe/1.8/maven-scm-provider-gitexe-1.8.jar
8a16a000-8a16e000 r-xs 00038000 00:24 7556849    /comptes/E12B336Z/.m2/repository/ch/ethz/ganymed/ganymed-ssh2/build210/ganymed-ssh2-build210.jar
8a16e000-8a176000 r-xs 00090000 00:24 2214553080  /comptes/E12B336Z/.m2/repository/org/netbeans/lib/cvsclient/20060125/cvsclient-20060125.jar
8a176000-8a178000 r-xs 00009000 00:24 2214553077  /comptes/E12B336Z/.m2/repository/org/apache/maven/scm/maven-scm-provider-cvsjava/1.8/maven-scm-provider-cvsjava-1.8.jar
8a178000-8a17a000 r-xs 00006000 00:24 7556323    /comptes/E12B336Z/.m2/repository/org/apache/maven/scm/maven-scm-provider-cvsexe/1.8/maven-scm-provider-cvsexe-1.8.jar
8a17a000-8a17d000 r-xs 00011000 00:24 2214548366  /comptes/E12B336Z/.m2/repository/org/apache/maven/scm/maven-scm-provider-cvs-commons/1.8/maven-scm-provider-cvs-commons-1.8.jar
8a17d000-8a182000 r-xs 00041000 00:24 7553852    /comptes/E12B336Z/.m2/repository/commons-lang/commons-lang/2.6/commons-lang-2.6.jar
8a182000-8a185000 r-xs 00010000 00:24 7554066    /comptes/E12B336Z/.m2/repository/org/apache/maven/scm/maven-scm-provider-svnexe/1.8/maven-scm-provider-svnexe-1.8.jar
8a185000-8a187000 r-xs 00008000 00:24 7553809    /comptes/E12B336Z/.m2/repository/org/apache/maven/scm/maven-scm-provider-svn-commons/1.8/maven-scm-provider-svn-commons-1.8.jar
8a187000-8a18a000 r-xs 00010000 00:24 7553820    /comptes/E12B336Z/.m2/repository/org/apache/maven/scm/maven-scm-provider-starteam/1.8/maven-scm-provider-starteam-1.8.jar
8a18a000-8a18c000 r-xs 00012000 00:24 7553808    /comptes/E12B336Z/.m2/repository/org/apache/maven/scm/maven-scm-provider-perforce/1.8/maven-scm-provider-perforce-1.8.jar
8a18c000-8a18e000 r-xs 00005000 00:24 7553798    /comptes/E12B336Z/.m2/repository/regexp/regexp/1.3/regexp-1.3.jar
8a18e000-8a191000 r-xs 0000e000 00:24 2214487500  /comptes/E12B336Z/.m2/repository/org/apache/maven/scm/maven-scm-provider-hg/1.8/maven-scm-provider-hg-1.8.jar
8a191000-8a192000 r-xs 00002000 00:24 2214485408  /comptes/E12B336Z/.m2/repository/org/apache/maven/scm/maven-scm-manager-plexus/1.8/maven-scm-manager-plexus-1.8.jar
8a192000-8a196000 r-xs 00016000 00:24 2214485406  /comptes/E12B336Z/.m2/repository/org/apache/maven/scm/maven-scm-api/1.8/maven-scm-api-1.8.jar
8a196000-8a19b000 r-xs 00040000 00:24 7553791    /comptes/E12B336Z/.m2/repository/org/jsoup/jsoup/1.6.1/jsoup-1.6.1.jar
8a19b000-8a19d000 r-xs 00005000 00:24 2214484391  /comptes/E12B336Z/.m2/repository/org/apache/maven/wagon/wagon-http-shared/1.0/wagon-http-shared-1.0.jar
8a19d000-8a19e000 r-xs 00003000 00:24 7553787    /comptes/E12B336Z/.m2/repository/org/apache/maven/wagon/wagon-http-lightweight/1.0/wagon-http-lightweight-1.0.jar
8a19e000-8a19f000 r-xs 00002000 00:24 7553754    /comptes/E12B336Z/.m2/repository/org/apache/maven/wagon/wagon-file/1.0/wagon-file-1.0.jar
8a19f000-8a1a0000 r-xs 00002000 00:24 2214340985  /comptes/E12B336Z/.m2/repository/org/codehaus/plexus/plexus-interactivity-api/1.0-alpha-6/plexus-interactivity-api-1.0-alpha-6.jar
8a1a0000-8a1a2000 r-xs 00005000 00:24 7553555    /comptes/E12B336Z/.m2/repository/org/apache/maven/wagon/wagon-ssh-common/1.0/wagon-ssh-common-1.0.jar
8a1a2000-8a1a6000 r-xs 00031000 00:24 2214100341  /comptes/E12B336Z/.m2/repository/com/jcraft/jsch/0.1.44-1/jsch-0.1.44-1.jar
8a1a6000-8a1a7000 r-xs 00006000 00:24 2213909270  /comptes/E12B336Z/.m2/repository/org/apache/maven/wagon/wagon-ssh/1.0/wagon-ssh-1.0.jar
8a1a7000-8a1a8000 r-xs 00006000 00:24 2213933768  /comptes/E12B336Z/.m2/repository/jakarta-regexp/jakarta-regexp/1.4/jakarta-regexp-1.4.jar
8a1a8000-8a1b2000 r-xs 00079000 00:24 7553507    /comptes/E12B336Z/.m2/repository/org/apache/bcel/bcel/5.2/bcel-5.2.jar
8a1b2000-8a1b3000 r-xs 00002000 00:24 3436468925  /comptes/E12B336Z/.m2/repository/org/codehaus/plexus/plexus-digest/1.0/plexus-digest-1.0.jar
8a1b3000-8a1b5000 r-xs 00008000 00:24 2213983341  /comptes/E12B336Z/.m2/repository/org/apache/maven/shared/maven-shared-jar/1.1/maven-shared-jar-1.1.jar
8a1b5000-8a1b7000 r-xs 0000c000 00:24 2213909254  /comptes/E12B336Z/.m2/repository/org/apache/maven/shared/maven-dependency-tree/2.0/maven-dependency-tree-2.0.jar
8a1b7000-8a1ba000 r-xs 00041000 00:24 2208688511  /comptes/E12B336Z/.m2/repository/org/apache/maven/plugins/maven-project-info-reports-plugin/2.6/maven-project-info-reports-plugin-2.6.jar
8a1ba000-8a1d8000 r-xs 0027d000 00:24 2208606830  /comptes/E12B336Z/.m2/repository/xalan/xalan/2.7.0/xalan-2.7.0.jar
8a1d8000-8a1ef000 r-xs 00112000 00:24 7043552    /comptes/E12B336Z/.m2/repository/xerces/xercesImpl/2.8.1/xercesImpl-2.8.1.jar
8a1ef000-8a1f5000 r-xs 00034000 00:24 3137636105  /comptes/E12B336Z/.m2/repository/junit/junit/4.8.2/junit-4.8.2.jar
8a1f5000-8a1f7000 r-xs 0000d000 00:24 19742686   /comptes/E12B336Z/.m2/repository/org/codehaus/plexus/plexus-interpolation/1.13/plexus-interpolation-1.13.jar
8a1f7000-8a1f8000 r-xs 00001000 00:24 3436322454  /comptes/E12B336Z/.m2/repository/org/sonatype/plexus/plexus-build-api/0.0.4/plexus-build-api-0.0.4.jar
8a1f8000-8a1fa000 r-xs 00007000 00:24 20004368   /comptes/E12B336Z/.m2/repository/org/apache/maven/shared/maven-filtering/1.0-beta-4/maven-filtering-1.0-beta-4.jar
8a1fa000-8a1fe000 r-xs 00033000 00:24 19742590   /comptes/E12B336Z/.m2/repository/org/codehaus/plexus/plexus-utils/2.0.5/plexus-utils-2.0.5.jar
8a1fe000-8a1ff000 r-xs 00001000 00:24 3436322453  /comptes/E12B336Z/.m2/repository/org/apache/maven/doxia/doxia-sink-api/1.0-alpha-7/doxia-sink-api-1.0-alpha-7.jar
8a1ff000-8a200000 r-xs 00002000 00:24 3436322451  /comptes/E12B336Z/.m2/repository/org/apache/maven/reporting/maven-reporting-api/2.0.6/maven-reporting-api-2.0.6.jar
8a200000-8a2e2000 rwxp 00000000 00:00 0 
8a2e2000-8a300000 ---p 00000000 00:00 0 
8a300000-8a3fe000 rwxp 00000000 00:00 0 
8a3fe000-8a400000 ---p 00000000 00:00 0 
8a400000-8a4fd000 rwxp 00000000 00:00 0 
8a4fd000-8a500000 ---p 00000000 00:00 0 
8a500000-8a5d5000 rwxp 00000000 00:00 0 
8a5d5000-8a600000 ---p 00000000 00:00 0 
8a600000-8a6f8000 rwxp 00000000 00:00 0 
8a6f8000-8a700000 ---p 00000000 00:00 0 
8a700000-8a7ff000 rwxp 00000000 00:00 0 
8a7ff000-8a800000 ---p 00000000 00:00 0 
8a800000-8a9c8000 rwxp 00000000 00:00 0 
8a9c8000-8aa00000 ---p 00000000 00:00 0 
8aa00000-8ac00000 rwxp 00000000 00:00 0 
8ac00000-8ae00000 rwxp 00000000 00:00 0 
8ae00000-8b000000 rwxp 00000000 00:00 0 
8b000000-8b200000 rwxp 00000000 00:00 0 
8b200000-8b400000 rwxp 00000000 00:00 0 
8b400000-8b600000 rwxp 00000000 00:00 0 
8b600000-8b6ff000 rwxp 00000000 00:00 0 
8b6ff000-8b700000 ---p 00000000 00:00 0 
8b700000-8b800000 rwxp 00000000 00:00 0 
8b800000-8b8fb000 rwxp 00000000 00:00 0 
8b8fb000-8b900000 ---p 00000000 00:00 0 
8b900000-8ba00000 rwxp 00000000 00:00 0 
8ba00000-8baf9000 rwxp 00000000 00:00 0 
8baf9000-8bb00000 ---p 00000000 00:00 0 
8bb00000-8bbf9000 rwxp 00000000 00:00 0 
8bbf9000-8bc00000 ---p 00000000 00:00 0 
8bc00000-8bcf9000 rwxp 00000000 00:00 0 
8bcf9000-8bd00000 ---p 00000000 00:00 0 
8bd00000-8be00000 rwxp 00000000 00:00 0 
8be00000-8c000000 rwxp 00000000 00:00 0 
8c000000-8c0f9000 rwxp 00000000 00:00 0 
8c0f9000-8c100000 ---p 00000000 00:00 0 
8c100000-8c103000 r-xs 00024000 00:24 7049223    /comptes/E12B336Z/.m2/repository/commons-io/commons-io/2.0.1/commons-io-2.0.1.jar
8c103000-8c105000 r-xs 0000a000 00:24 2208606343  /comptes/E12B336Z/.m2/repository/org/apache/maven/maven-jxr/2.3/maven-jxr-2.3.jar
8c105000-8c109000 r-xs 0002f000 00:24 19470632   /comptes/E12B336Z/.m2/repository/commons-lang/commons-lang/2.1/commons-lang-2.1.jar
8c109000-8c116000 r-xs 0007c000 00:24 2163368949  /comptes/E12B336Z/.m2/repository/commons-collections/commons-collections/3.1/commons-collections-3.1.jar
8c116000-8c11a000 r-xs 00027000 00:24 8369278    /comptes/E12B336Z/.m2/repository/commons-io/commons-io/2.2/commons-io-2.2.jar
8c11a000-8c11e000 r-xs 00043000 00:24 2233521580  /comptes/E12B336Z/.m2/repository/net/java/dev/javacc/javacc/4.1/javacc-4.1.jar
8c11e000-8c123000 r-xs 00023000 00:24 8360231    /comptes/E12B336Z/.m2/repository/junit/junit/4.4/junit-4.4.jar
8c123000-8c12f000 r-xs 00100000 00:24 2233521577  /comptes/E12B336Z/.m2/repository/org/mozilla/rhino/1.7R3/rhino-1.7R3.jar
8c12f000-8c131000 r-xs 0001e000 00:24 8360206    /comptes/E12B336Z/.m2/repository/net/sourceforge/saxon/saxon/9.1.0.8/saxon-9.1.0.8-dom.jar
8c131000-8c14c000 r-xs 004b6000 00:24 8358592    /comptes/E12B336Z/.m2/repository/net/sourceforge/saxon/saxon/9.1.0.8/saxon-9.1.0.8.jar
8c14c000-8c14d000 r-xs 0000a000 00:24 3139008434  /comptes/E12B336Z/.m2/repository/asm/asm/3.2/asm-3.2.jar
8c14d000-8c14f000 r-xs 0000c000 00:24 8358537    /comptes/E12B336Z/.m2/repository/com/beust/jcommander/1.27/jcommander-1.27.jar
8c14f000-8c155000 r-xs 00019000 00:24 2233521556  /comptes/E12B336Z/.m2/repository/xerces/xmlParserAPIs/2.6.2/xmlParserAPIs-2.6.2.jar
8c155000-8c158000 r-xs 00018000 00:24 2233521548  /comptes/E12B336Z/.m2/repository/xom/xom/1.0/xom-1.0.jar
8c158000-8c15b000 r-xs 00023000 00:24 19470481   /comptes/E12B336Z/.m2/repository/jdom/jdom/1.0/jdom-1.0.jar
8c15b000-8c160000 r-xs 00048000 00:24 19470474   /comptes/E12B336Z/.m2/repository/dom4j/dom4j/1.6.1/dom4j-1.6.1.jar
8c160000-8c166000 r-xs 00032000 00:24 2233521045  /comptes/E12B336Z/.m2/repository/jaxen/jaxen/1.1.1/jaxen-1.1.1.jar
8c166000-8c167000 r-xs 00003000 00:24 2233521069  /comptes/E12B336Z/.m2/repository/org/apache/ant/ant-testutil/1.7.1/ant-testutil-1.7.1.jar
8c167000-8c169000 r-xs 00002000 00:24 2233521044  /comptes/E12B336Z/.m2/repository/org/apache/ant/ant-launcher/1.8.1/ant-launcher-1.8.1.jar
8c169000-8c180000 r-xs 0015b000 00:24 19472566   /comptes/E12B336Z/.m2/repository/org/apache/ant/ant/1.8.1/ant-1.8.1.jar
8c180000-8c19c000 r-xs 00145000 00:24 8357177    /comptes/E12B336Z/.m2/repository/net/sourceforge/pmd/pmd/5.0.2/pmd-5.0.2.jar
8c19c000-8c1a0000 r-xs 00035000 00:24 2217643617  /comptes/E12B336Z/.m2/repository/org/codehaus/plexus/plexus-utils/3.0.9/plexus-utils-3.0.9.jar
8c1a0000-8c1a2000 r-xs 00004000 00:24 8357106    /comptes/E12B336Z/.m2/repository/org/codehaus/plexus/plexus-resources/1.0-alpha-7/plexus-resources-1.0-alpha-7.jar
8c1a2000-8c1a5000 r-xs 0001b000 00:24 2233521037  /comptes/E12B336Z/.m2/repository/org/apache/struts/struts-tiles/1.3.8/struts-tiles-1.3.8.jar
8c1a5000-8c1aa000 r-xs 00039000 00:24 2233520146  /comptes/E12B336Z/.m2/repository/org/apache/struts/struts-taglib/1.3.8/struts-taglib-1.3.8.jar
8c1aa000-8c1af000 r-xs 00053000 00:24 2217643570  /comptes/E12B336Z/.m2/repository/antlr/antlr/2.7.2/antlr-2.7.2.jar
8c1af000-8c1b5000 r-xs 0004b000 00:24 2233519890  /comptes/E12B336Z/.m2/repository/org/apache/struts/struts-core/1.3.8/struts-core-1.3.8.jar
8c1b5000-8c1b7000 r-xs 00005000 00:24 8353685    /comptes/E12B336Z/.m2/repository/sslext/sslext/1.2-0/sslext-1.2-0.jar
8c1b7000-8c1b9000 r-xs 00014000 00:24 8356998    /comptes/E12B336Z/.m2/repository/commons-chain/commons-chain/1.1/commons-chain-1.1.jar
8c1b9000-8c1bf000 r-xs 0004f000 00:24 2233519591  /comptes/E12B336Z/.m2/repository/org/apache/velocity/velocity-tools/2.0/velocity-tools-2.0.jar
8c1bf000-8c1c1000 r-xs 00008000 00:24 2233517561  /comptes/E12B336Z/.m2/repository/org/apache/maven/doxia/doxia-module-fml/1.3/doxia-module-fml-1.3.jar
8c1c1000-8c1c2000 r-xs 00003000 00:24 8352464    /comptes/E12B336Z/.m2/repository/org/apache/maven/doxia/doxia-module-xhtml/1.3/doxia-module-xhtml-1.3.jar
8c1c2000-8c1c4000 r-xs 0000d000 00:24 2233517516  /comptes/E12B336Z/.m2/repository/org/apache/maven/doxia/doxia-decoration-model/1.3/doxia-decoration-model-1.3.jar
8c1c4000-8c1d2000 r-xs 0008f000 00:24 3861268744  /comptes/E12B336Z/.m2/repository/com/google/collections/google-collections/1.0/google-collections-1.0.jar
8c1d2000-8c1d4000 r-xs 00014000 00:24 6789991    /comptes/E12B336Z/.m2/repository/jline/jline/0.9.94/jline-0.9.94.jar
8c1d4000-8c1d7000 r-xs 00010000 00:24 2208605567  /comptes/E12B336Z/.m2/repository/org/codehaus/groovy/maven/support/slf4j-gossip/1.0/slf4j-gossip-1.0.jar
8c1d7000-8c1d9000 r-xs 00004000 00:24 3853129671  /comptes/E12B336Z/.m2/repository/org/slf4j/slf4j-api/1.5.6/slf4j-api-1.5.6.jar
8c1d9000-8c1db000 r-xs 00004000 00:24 2208605180  /comptes/E12B336Z/.m2/repository/org/apache/maven/doxia/doxia-module-xhtml/1.0-alpha-10/doxia-module-xhtml-1.0-alpha-10.jar
8c1db000-8c1dc000 r-xs 00006000 00:24 6789895    /comptes/E12B336Z/.m2/repository/org/apache/maven/doxia/doxia-module-xdoc/1.0-alpha-10/doxia-module-xdoc-1.0-alpha-10.jar
8c1dc000-8c1de000 r-xs 00003000 00:24 2208599391  /comptes/E12B336Z/.m2/repository/org/apache/maven/doxia/doxia-module-fml/1.0-alpha-10/doxia-module-fml-1.0-alpha-10.jar
8c1de000-8c1e0000 r-xs 0000a000 00:24 2208603309  /comptes/E12B336Z/.m2/repository/org/apache/maven/doxia/doxia-module-apt/1.0-alpha-10/doxia-module-apt-1.0-alpha-10.jar
8c1e0000-8c1e2000 r-xs 0000b000 00:24 6789851    /comptes/E12B336Z/.m2/repository/org/apache/maven/doxia/doxia-decoration-model/1.0-alpha-10/doxia-decoration-model-1.0-alpha-10.jar
8c1e2000-8c1e4000 r-xs 0000a000 00:24 6789812    /comptes/E12B336Z/.m2/repository/org/apache/maven/doxia/doxia-site-renderer/1.0-alpha-10/doxia-site-renderer-1.0-alpha-10.jar
8c1e4000-8c1e6000 r-xs 00000000 00:24 2208581044  /comptes/E12B336Z/.m2/repository/org/apache/maven/reporting/maven-reporting-api/2.0.4/maven-reporting-api-2.0.4.jar
8c1e6000-8c1e7000 r-xs 00002000 00:24 2208581069  /comptes/E12B336Z/.m2/repository/org/apache/maven/doxia/doxia-sink-api/1.0-alpha-10/doxia-sink-api-1.0-alpha-10.jar
8c1e7000-8c1ea000 r-xs 0000b000 00:24 6789809    /comptes/E12B336Z/.m2/repository/org/apache/maven/doxia/doxia-core/1.0-alpha-10/doxia-core-1.0-alpha-10.jar
8c1ea000-8c1ef000 r-xs 00016000 00:24 3139008421  /comptes/E12B336Z/.m2/repository/xml-apis/xml-apis/1.0.b2/xml-apis-1.0.b2.jar
8c1ef000-8c1f1000 r-xs 00008000 00:24 2233516141  /comptes/E12B336Z/.m2/repository/commons-logging/commons-logging/1.0.4/commons-logging-1.0.4.jar
8c1f1000-8c1f5000 r-xs 00026000 00:24 8339202    /comptes/E12B336Z/.m2/repository/commons-digester/commons-digester/1.6/commons-digester-1.6.jar
8c1f5000-8c1fa000 r-xs 0002a000 00:24 8325946    /comptes/E12B336Z/.m2/repository/commons-beanutils/commons-beanutils/1.7.0/commons-beanutils-1.7.0.jar
8c1fa000-8c1fd000 r-xs 00014000 00:24 2233514916  /comptes/E12B336Z/.m2/repository/commons-validator/commons-validator/1.2.0/commons-validator-1.2.0.jar
8c1fd000-8c1fe000 r-xs 00004000 00:24 2208580362  /comptes/E12B336Z/.m2/repository/org/apache/maven/reporting/maven-reporting-impl/2.0.4.1/maven-reporting-impl-2.0.4.1.jar
8c1fe000-8c200000 r-xs 00008000 00:24 2208579255  /comptes/E12B336Z/.m2/repository/org/apache/maven/shared/maven-shared-io/1.1/maven-shared-io-1.1.jar
8c200000-8c3fc000 rwxp 00000000 00:00 0 
8c3fc000-8c400000 ---p 00000000 00:00 0 
8c400000-8c4fa000 rwxp 00000000 00:00 0 
8c4fa000-8c500000 ---p 00000000 00:00 0 
8c500000-8c600000 rwxp 00000000 00:00 0 
8c600000-8c6ba000 rwxp 00000000 00:00 0 
8c6ba000-8c700000 ---p 00000000 00:00 0 
8c700000-8c7c8000 rwxp 00000000 00:00 0 
8c7c8000-8c800000 ---p 00000000 00:00 0 
8c800000-8c8fb000 rwxp 00000000 00:00 0 
8c8fb000-8c900000 ---p 00000000 00:00 0 
8c900000-8c9fa000 rwxp 00000000 00:00 0 
8c9fa000-8ca00000 ---p 00000000 00:00 0 
8ca00000-8cac9000 rwxp 00000000 00:00 0 
8cac9000-8cb00000 ---p 00000000 00:00 0 
8cb00000-8cc00000 rwxp 00000000 00:00 0 
8cc00000-8cce0000 rwxp 00000000 00:00 0 
8cce0000-8cd00000 ---p 00000000 00:00 0 
8cd00000-8cdfd000 rwxp 00000000 00:00 0 
8cdfd000-8ce00000 ---p 00000000 00:00 0 
8ce00000-8cf00000 rwxp 00000000 00:00 0 
8cf00000-8cf01000 r-xs 00002000 00:24 8353133    /comptes/E12B336Z/.m2/repository/org/apache/maven/doxia/doxia-logging-api/1.3/doxia-logging-api-1.3.jar
8cf01000-8cf05000 r-xs 00023000 00:24 8296123    /comptes/E12B336Z/.m2/repository/org/apache/maven/doxia/doxia-core/1.1.2/doxia-core-1.1.2.jar
8cf05000-8cf0d000 r-xs 00049000 00:24 8290332    /comptes/E12B336Z/.m2/repository/backport-util-concurrent/backport-util-concurrent/3.1/backport-util-concurrent-3.1.jar
8cf0d000-8cf10000 ---p 00000000 00:00 0 
8cf10000-8cf5e000 rwxp 00000000 00:00 0 
8cf5e000-8cf61000 ---p 00000000 00:00 0 
8cf61000-8cfaf000 rwxp 00000000 00:00 0 
8cfaf000-8cfb2000 ---p 00000000 00:00 0 
8cfb2000-8d000000 rwxp 00000000 00:00 0 
8d000000-8d0fd000 rwxp 00000000 00:00 0 
8d0fd000-8d100000 ---p 00000000 00:00 0 
8d100000-8d1ff000 rwxp 00000000 00:00 0 
8d1ff000-8d200000 ---p 00000000 00:00 0 
8d200000-8d2fc000 rwxp 00000000 00:00 0 
8d2fc000-8d300000 ---p 00000000 00:00 0 
8d300000-8d3fe000 rwxp 00000000 00:00 0 
8d3fe000-8d400000 ---p 00000000 00:00 0 
8d400000-8d4ff000 rwxp 00000000 00:00 0 
8d4ff000-8d500000 ---p 00000000 00:00 0 
8d500000-8d501000 r-xs 00008000 00:24 2208604533  /comptes/E12B336Z/.m2/repository/org/apache/maven/plugins/maven-jxr-plugin/2.3/maven-jxr-plugin-2.3.jar
8d501000-8d503000 r-xs 00003000 00:24 8291054    /comptes/E12B336Z/.m2/repository/org/apache/maven/reporting/maven-reporting-impl/2.1/maven-reporting-impl-2.1.jar
8d503000-8d505000 r-xs 0000b000 00:24 2233513506  /comptes/E12B336Z/.m2/repository/org/codehaus/plexus/plexus-interpolation/1.11/plexus-interpolation-1.11.jar
8d505000-8d507000 r-xs 00017000 00:24 2217644028  /comptes/E12B336Z/.m2/repository/org/apache/maven/plugins/maven-pmd-plugin/3.0.1/maven-pmd-plugin-3.0.1.jar
8d507000-8d508000 r-xs 0000a000 00:24 20456397   /comptes/E12B336Z/.m2/repository/commons-logging/commons-logging-api/1.1/commons-logging-api-1.1.jar
8d508000-8d50f000 r-xs 00051000 00:24 3860354475  /comptes/E12B336Z/.m2/repository/log4j/log4j/1.2.12/log4j-1.2.12.jar
8d50f000-8d513000 r-xs 0001d000 00:24 20456395   /comptes/E12B336Z/.m2/repository/org/apache/xbean/xbean-reflect/3.4/xbean-reflect-3.4.jar
8d513000-8d514000 r-xs 00004000 00:24 20456388   /comptes/E12B336Z/.m2/repository/org/codehaus/plexus/plexus-compiler-javac/2.0/plexus-compiler-javac-2.0.jar
8d514000-8d516000 r-xs 00000000 00:24 3860354477  /comptes/E12B336Z/.m2/repository/org/codehaus/plexus/plexus-compiler-manager/2.0/plexus-compiler-manager-2.0.jar
8d516000-8d518000 r-xs 00005000 00:24 20456382   /comptes/E12B336Z/.m2/repository/org/codehaus/plexus/plexus-compiler-api/2.0/plexus-compiler-api-2.0.jar
8d518000-8d51a000 r-xs 00002000 00:24 20456383   /comptes/E12B336Z/.m2/repository/org/apache/maven/shared/maven-shared-incremental/1.0/maven-shared-incremental-1.0.jar
8d51a000-8d51c000 r-xs 00006000 00:24 20456381   /comptes/E12B336Z/.m2/repository/com/google/code/findbugs/jsr305/2.0.1/jsr305-2.0.1.jar
8d51c000-8d51f000 r-xs 00023000 00:24 3860354376  /comptes/E12B336Z/.m2/repository/org/apache/maven/shared/maven-shared-utils/0.1/maven-shared-utils-0.1.jar
8d51f000-8d521000 r-xs 00009000 00:24 20455018   /comptes/E12B336Z/.m2/repository/org/apache/maven/plugins/maven-compiler-plugin/3.0/maven-compiler-plugin-3.0.jar
8d521000-8d522000 r-xs 00005000 00:24 3757497068  /comptes/E12B336Z/.m2/repository/org/apache/maven/plugins/maven-resources-plugin/2.4.3/maven-resources-plugin-2.4.3.jar
8d522000-8d524000 r-xs 0000c000 00:24 6790128    /comptes/E12B336Z/.m2/repository/com/mycila/xmltool/xmltool/3.3/xmltool-3.3.jar
8d524000-8d526000 r-xs 0000c000 00:24 2208026745  /comptes/E12B336Z/.m2/repository/com/mycila/maven-license-plugin/maven-license-plugin/1.8.0/maven-license-plugin-1.8.0.jar
8d526000-8d52d000 r-xs 0007e000 00:24 2211966378  /comptes/E12B336Z/.m2/repository/org/hamcrest/hamcrest-all/1.1/hamcrest-all-1.1.jar
8d52d000-8d52e000 r-xs 00002000 00:24 6782014    /comptes/E12B336Z/.m2/repository/net/avh4/util/imagecomparison/0.0.2/imagecomparison-0.0.2.jar
8d52e000-8d54b000 r-xs 0013e000 00:24 6781946    /comptes/E12B336Z/.m2/repository/org/mockito/mockito-all/1.8.5/mockito-all-1.8.5.jar
8d54b000-8d551000 r-xs 00036000 00:24 19878906   /comptes/E12B336Z/.m2/repository/junit/junit/4.11/junit-4.11.jar
8d551000-8d555000 r-xs 00030000 00:24 20456380   /comptes/E12B336Z/.m2/repository/org/codehaus/plexus/plexus-utils/1.5.1/plexus-utils-1.5.1.jar
8d555000-8d557000 r-xs 00008000 00:24 3137636166  /comptes/E12B336Z/.m2/repository/classworlds/classworlds/1.1-alpha-2/classworlds-1.1-alpha-2.jar
8d557000-8d55e000 r-xs 00029000 00:24 19463919   /comptes/E12B336Z/.m2/repository/org/codehaus/plexus/plexus-container-default/1.0-alpha-9-stable-1/plexus-container-default-1.0-alpha-9-stable-1.jar
8d55e000-8d561000 r-xs 00013000 00:24 3436343409  /comptes/E12B336Z/.m2/repository/org/apache/maven/maven-artifact/2.0.9/maven-artifact-2.0.9.jar
8d561000-8d563000 r-xs 00006000 00:24 3436471945  /comptes/E12B336Z/.m2/repository/org/apache/maven/maven-plugin-registry/2.0.9/maven-plugin-registry-2.0.9.jar
8d563000-8d565000 r-xs 0000a000 00:24 4007171128  /comptes/E12B336Z/.m2/repository/org/apache/maven/wagon/wagon-provider-api/1.0-beta-2/wagon-provider-api-1.0-beta-2.jar
8d565000-8d566000 r-xs 00005000 00:24 19743118   /comptes/E12B336Z/.m2/repository/org/apache/maven/maven-repository-metadata/2.0.9/maven-repository-metadata-2.0.9.jar
8d566000-8d568000 r-xs 0000d000 00:24 3436471942  /comptes/E12B336Z/.m2/repository/org/apache/maven/maven-artifact-manager/2.0.9/maven-artifact-manager-2.0.9.jar
8d568000-8d56a000 r-xs 00014000 00:24 3436437872  /comptes/E12B336Z/.m2/repository/org/apache/maven/maven-model/2.0.9/maven-model-2.0.9.jar
8d56a000-8d56c000 r-xs 00007000 00:24 19742236   /comptes/E12B336Z/.m2/repository/org/apache/maven/maven-profile/2.0.9/maven-profile-2.0.9.jar
8d56c000-8d5af000 r-xs 003ee000 00:24 2208613165  /comptes/E12B336Z/.m2/repository/org/codehaus/groovy/groovy-all/1.6.0/groovy-all-1.6.0.jar
8d5af000-8d5b2000 ---p 00000000 00:00 0 
8d5b2000-8d600000 rwxp 00000000 00:00 0 
8d600000-8d6fa000 rwxp 00000000 00:00 0 
8d6fa000-8d700000 ---p 00000000 00:00 0 
8d700000-8d7fe000 rwxp 00000000 00:00 0 
8d7fe000-8d800000 ---p 00000000 00:00 0 
8d800000-8d89d000 rwxp 00000000 00:00 0 
8d89d000-8d900000 ---p 00000000 00:00 0 
8d900000-8d9f9000 rwxp 00000000 00:00 0 
8d9f9000-8da00000 ---p 00000000 00:00 0 
8da00000-8dac3000 rwxp 00000000 00:00 0 
8dac3000-8db00000 ---p 00000000 00:00 0 
8db00000-8dbd8000 rwxp 00000000 00:00 0 
8dbd8000-8dc00000 ---p 00000000 00:00 0 
8dc00000-8ddde000 rwxp 00000000 00:00 0 
8ddde000-8de00000 ---p 00000000 00:00 0 
8de00000-8def3000 rwxp 00000000 00:00 0 
8def3000-8df00000 ---p 00000000 00:00 0 
8df00000-8dffd000 rwxp 00000000 00:00 0 
8dffd000-8e000000 ---p 00000000 00:00 0 
8e000000-8e1fb000 rwxp 00000000 00:00 0 
8e1fb000-8e200000 ---p 00000000 00:00 0 
8e200000-8e400000 rwxp 00000000 00:00 0 
8e400000-8e600000 rwxp 00000000 00:00 0 
8e600000-8e6ff000 rwxp 00000000 00:00 0 
8e6ff000-8e700000 ---p 00000000 00:00 0 
8e700000-8e7fd000 rwxp 00000000 00:00 0 
8e7fd000-8e800000 ---p 00000000 00:00 0 
8e800000-8e8fb000 rwxp 00000000 00:00 0 
8e8fb000-8e900000 ---p 00000000 00:00 0 
8e900000-8e9fd000 rwxp 00000000 00:00 0 
8e9fd000-8ea00000 ---p 00000000 00:00 0 
8ea00000-8eafb000 rwxp 00000000 00:00 0 
8eafb000-8eb00000 ---p 00000000 00:00 0 
8eb00000-8ebf9000 rwxp 00000000 00:00 0 
8ebf9000-8ec00000 ---p 00000000 00:00 0 
8ec00000-8ecfa000 rwxp 00000000 00:00 0 
8ecfa000-8ed00000 ---p 00000000 00:00 0 
8ed00000-8ed01000 r-xs 0000b000 00:24 3436437829  /comptes/E12B336Z/.m2/repository/org/apache/maven/maven-settings/2.0.9/maven-settings-2.0.9.jar
8ed01000-8ed04000 r-xs 0001b000 00:24 19743021   /comptes/E12B336Z/.m2/repository/org/apache/maven/maven-project/2.0.9/maven-project-2.0.9.jar
8ed04000-8ed06000 r-xs 00006000 00:24 12846148   /comptes/E12B336Z/.m2/repository/com/google/code/xmltool/xmltool/1.4/xmltool-1.4.jar
8ed06000-8ed08000 r-xs 00002000 00:24 19742656   /comptes/E12B336Z/.m2/repository/org/apache/maven/maven-plugin-api/2.0.9/maven-plugin-api-2.0.9.jar
8ed08000-8ed0a000 r-xs 0000b000 00:24 2393744503  /comptes/E12B336Z/.m2/repository/com/google/code/maven-license-plugin/maven-license-plugin/1.4.0/maven-license-plugin-1.4.0.jar
8ed0a000-8ed0c000 r-xs 0000b000 00:24 6781878    /comptes/E12B336Z/.m2/repository/org/hamcrest/hamcrest-library/1.2.1/hamcrest-library-1.2.1.jar
8ed0c000-8ed0d000 r-xs 00001000 00:24 6781885    /comptes/E12B336Z/.m2/repository/org/hamcrest/hamcrest-integration/1.2.1/hamcrest-integration-1.2.1.jar
8ed0d000-8ed0f000 r-xs 00009000 00:24 3502048019  /comptes/E12B336Z/.m2/repository/org/hamcrest/hamcrest-core/1.3/hamcrest-core-1.3.jar
8ed0f000-8ed10000 r-xs 00002000 00:24 6790049    /comptes/E12B336Z/.m2/repository/org/apache/ant/ant-launcher/1.7.1/ant-launcher-1.7.1.jar
8ed10000-8ed24000 r-xs 0012f000 00:24 2208613153  /comptes/E12B336Z/.m2/repository/org/apache/ant/ant/1.7.1/ant-1.7.1.jar
8ed24000-8ed26000 r-xs 00009000 00:24 2208613164  /comptes/E12B336Z/.m2/repository/org/codehaus/groovy/maven/runtime/gmaven-runtime-1.6/1.0/gmaven-runtime-1.6-1.0.jar
8ed26000-8ed29000 ---p 00000000 00:00 0 
8ed29000-8ed77000 rwxp 00000000 00:00 0 
8ed77000-8ed7a000 ---p 00000000 00:00 0 
8ed7a000-8edc8000 rwxp 00000000 00:00 0 
8edc8000-8edca000 r-xs 00008000 00:24 6789735    /comptes/E12B336Z/.m2/repository/org/apache/maven/shared/file-management/1.2.1/file-management-1.2.1.jar
8edca000-8edcb000 r-xs 00003000 00:24 2208579433  /comptes/E12B336Z/.m2/repository/org/codehaus/groovy/maven/gmaven-common/1.0/gmaven-common-1.0.jar
8edcb000-8edce000 r-xs 00024000 00:24 6789580    /comptes/E12B336Z/.m2/repository/com/thoughtworks/qdox/qdox/1.8/qdox-1.8.jar
8edce000-8edd3000 r-xs 00039000 00:24 19742643   /comptes/E12B336Z/.m2/repository/org/codehaus/plexus/plexus-utils/1.5.5/plexus-utils-1.5.5.jar
8edd3000-8edd5000 r-xs 00006000 00:24 8314448    /comptes/E12B336Z/.m2/repository/commons-codec/commons-codec/1.2/commons-codec-1.2.jar
8edd5000-8eddb000 r-xs 00045000 00:24 2233514053  /comptes/E12B336Z/.m2/repository/commons-httpclient/commons-httpclient/3.1/commons-httpclient-3.1.jar
8eddb000-8eddf000 r-xs 0003c000 00:24 8296124    /comptes/E12B336Z/.m2/repository/commons-lang/commons-lang/2.4/commons-lang-2.4.jar
8eddf000-8ede1000 r-xs 00004000 00:24 4007339881  /comptes/E12B336Z/.m2/repository/org/apache/maven/doxia/doxia-module-xhtml/1.0/doxia-module-xhtml-1.0.jar
8ede1000-8ede2000 r-xs 00006000 00:24 57530045   /comptes/E12B336Z/.m2/repository/org/apache/maven/doxia/doxia-module-xdoc/1.0/doxia-module-xdoc-1.0.jar
8ede2000-8ede3000 r-xs 00004000 00:24 57530001   /comptes/E12B336Z/.m2/repository/org/apache/maven/doxia/doxia-module-fml/1.0/doxia-module-fml-1.0.jar
8ede3000-8ede5000 r-xs 0000a000 00:24 4007339911  /comptes/E12B336Z/.m2/repository/org/apache/maven/doxia/doxia-module-apt/1.0/doxia-module-apt-1.0.jar
8ede5000-8edf2000 r-xs 0007f000 00:24 57529999   /comptes/E12B336Z/.m2/repository/commons-collections/commons-collections/3.2/commons-collections-3.2.jar
8edf2000-8edf3000 r-xs 0000b000 00:24 4007339882  /comptes/E12B336Z/.m2/repository/org/apache/maven/doxia/doxia-decoration-model/1.0/doxia-decoration-model-1.0.jar
8edf3000-8edf4000 r-xs 00001000 00:24 2233520044  /comptes/E12B336Z/.m2/repository/org/codehaus/plexus/plexus-velocity/1.1.7/plexus-velocity-1.1.7.jar
8edf4000-8edf7000 r-xs 0000b000 00:24 15400516   /comptes/E12B336Z/.m2/repository/org/apache/maven/doxia/doxia-core/1.0/doxia-core-1.0.jar
8edf7000-8edf9000 r-xs 00006000 00:24 19743016   /comptes/E12B336Z/.m2/repository/org/apache/maven/shared/maven-common-artifact-filters/1.3/maven-common-artifact-filters-1.3.jar
8edf9000-8edfa000 r-xs 00006000 00:24 6888093    /comptes/E12B336Z/.m2/repository/org/apache/maven/shared/maven-invoker/2.0.9/maven-invoker-2.0.9.jar
8edfa000-8edfc000 r-xs 00003000 00:24 3436468492  /comptes/E12B336Z/.m2/repository/org/apache/maven/maven-archiver/2.3/maven-archiver-2.3.jar
8edfc000-8edfe000 r-xs 00002000 00:24 3436322466  /comptes/E12B336Z/.m2/repository/org/codehaus/plexus/plexus-interactivity-api/1.0-alpha-4/plexus-interactivity-api-1.0-alpha-4.jar
8edfe000-8ee00000 r-xs 00006000 00:24 19472512   /comptes/E12B336Z/.m2/repository/commons-cli/commons-cli/1.0/commons-cli-1.0.jar
8ee00000-8eeff000 rwxp 00000000 00:00 0 
8eeff000-8ef00000 ---p 00000000 00:00 0 
8ef00000-8efff000 rwxp 00000000 00:00 0 
8efff000-8f000000 ---p 00000000 00:00 0 
8f000000-8f003000 r-xs 00011000 00:24 2208578811  /comptes/E12B336Z/.m2/repository/org/codehaus/groovy/maven/runtime/gmaven-runtime-support/1.0/gmaven-runtime-support-1.0.jar
8f003000-8f006000 r-xs 0001b000 00:24 20456401   /comptes/E12B336Z/.m2/repository/junit/junit/3.8.2/junit-3.8.2.jar
8f006000-8f008000 r-xs 00002000 00:24 6788279    /comptes/E12B336Z/.m2/repository/org/codehaus/groovy/maven/feature/gmaven-feature-support/1.0/gmaven-feature-support-1.0.jar
8f008000-8f00a000 r-xs 00005000 00:24 2208578817  /comptes/E12B336Z/.m2/repository/org/codehaus/groovy/maven/runtime/gmaven-runtime-loader/1.0/gmaven-runtime-loader-1.0.jar
8f00a000-8f00c000 r-xs 00003000 00:24 6788259    /comptes/E12B336Z/.m2/repository/org/codehaus/groovy/maven/feature/gmaven-feature-api/1.0/gmaven-feature-api-1.0.jar
8f00c000-8f00e000 r-xs 00004000 00:24 6788170    /comptes/E12B336Z/.m2/repository/org/codehaus/groovy/maven/runtime/gmaven-runtime-api/1.0/gmaven-runtime-api-1.0.jar
8f00e000-8f010000 r-xs 00010000 00:24 2208026718  /comptes/E12B336Z/.m2/repository/org/codehaus/groovy/maven/gmaven-plugin/1.0/gmaven-plugin-1.0.jar
8f010000-8f015000 r-xs 0003d000 00:24 19470728   /comptes/E12B336Z/.m2/repository/org/codehaus/plexus/plexus-utils/1.5.8/plexus-utils-1.5.8.jar
8f015000-8f016000 r-xs 00002000 00:24 19740675   /comptes/E12B336Z/.m2/repository/org/codehaus/plexus/plexus-io/1.0-alpha-1/plexus-io-1.0-alpha-1.jar
8f016000-8f01a000 r-xs 00023000 00:24 3436468497  /comptes/E12B336Z/.m2/repository/org/codehaus/plexus/plexus-archiver/1.0-alpha-9/plexus-archiver-1.0-alpha-9.jar
8f01a000-8f01e000 r-xs 00026000 00:24 2205927845  /comptes/E12B336Z/.m2/repository/com/thoughtworks/qdox/qdox/1.9.2/qdox-1.9.2.jar
8f01e000-8f025000 r-xs 00053000 00:24 20456495   /comptes/E12B336Z/.m2/repository/log4j/log4j/1.2.14/log4j-1.2.14.jar
8f025000-8f027000 r-xs 0000d000 00:24 3969359662  /comptes/E12B336Z/.m2/repository/commons-logging/commons-logging/1.1.1/commons-logging-1.1.1.jar
8f027000-8f02a000 r-xs 00044000 00:24 6803024    /comptes/E12B336Z/.m2/repository/org/apache/maven/plugins/maven-javadoc-plugin/2.8/maven-javadoc-plugin-2.8.jar
8f02a000-8f02d000 r-xs 00018000 00:24 19470492   /comptes/E12B336Z/.m2/repository/commons-io/commons-io/1.4/commons-io-1.4.jar
8f02d000-8f032000 r-xs 00040000 00:24 19847457   /comptes/E12B336Z/.m2/repository/commons-lang/commons-lang/2.5/commons-lang-2.5.jar
8f032000-8f036000 r-xs 00028000 00:24 19847430   /comptes/E12B336Z/.m2/repository/org/mortbay/jetty/jetty-util/6.1.25/jetty-util-6.1.25.jar
8f036000-8f038000 r-xs 0001f000 00:24 19847449   /comptes/E12B336Z/.m2/repository/org/mortbay/jetty/servlet-api/2.5-20081211/servlet-api-2.5-20081211.jar
8f038000-8f03f000 r-xs 0007d000 00:24 19847422   /comptes/E12B336Z/.m2/repository/org/mortbay/jetty/jetty/6.1.25/jetty-6.1.25.jar
8f03f000-8f044000 r-xs 00040000 00:24 3969359675  /comptes/E12B336Z/.m2/repository/org/codehaus/plexus/plexus-utils/1.5.10/plexus-utils-1.5.10.jar
8f044000-8f045000 r-xs 00001000 00:24 3139008422  /comptes/E12B336Z/.m2/repository/org/codehaus/plexus/plexus-velocity/1.1.8/plexus-velocity-1.1.8.jar
8f045000-8f046000 r-xs 00002000 00:24 8353305    /comptes/E12B336Z/.m2/repository/org/codehaus/plexus/plexus-i18n/1.0-beta-7/plexus-i18n-1.0-beta-7.jar
8f046000-8f049000 r-xs 0000a000 00:24 19847207   /comptes/E12B336Z/.m2/repository/org/codehaus/plexus/plexus-io/1.0/plexus-io-1.0.jar
8f049000-8f04d000 r-xs 00028000 00:24 3969359674  /comptes/E12B336Z/.m2/repository/org/codehaus/plexus/plexus-archiver/1.0/plexus-archiver-1.0.jar
8f04d000-8f04f000 r-xs 0000a000 00:24 4007188176  /comptes/E12B336Z/.m2/repository/org/apache/maven/shared/maven-doxia-tools/1.4/maven-doxia-tools-1.4.jar
8f04f000-8f05d000 r-xs 0007f000 00:24 3139008431  /comptes/E12B336Z/.m2/repository/commons-collections/commons-collections/3.2.1/commons-collections-3.2.1.jar
8f05d000-8f05f000 r-xs 0000b000 00:24 6794815    /comptes/E12B336Z/.m2/repository/org/apache/maven/doxia/doxia-site-renderer/1.2/doxia-site-renderer-1.2.jar
8f05f000-8f061000 r-xs 0000d000 00:24 6794813    /comptes/E12B336Z/.m2/repository/org/apache/maven/doxia/doxia-decoration-model/1.2/doxia-decoration-model-1.2.jar
8f061000-8f063000 r-xs 00018000 00:24 3969359671  /comptes/E12B336Z/.m2/repository/javax/servlet/servlet-api/2.5/servlet-api-2.5.jar
8f063000-8f065000 r-xs 00008000 00:24 2203734129  /comptes/E12B336Z/.m2/repository/org/apache/maven/doxia/doxia-module-fml/1.2/doxia-module-fml-1.2.jar
8f065000-8f066000 r-xs 00008000 00:24 6794807    /comptes/E12B336Z/.m2/repository/org/apache/maven/doxia/doxia-module-xdoc/1.2/doxia-module-xdoc-1.2.jar
8f066000-8f068000 r-xs 0000b000 00:24 2203444536  /comptes/E12B336Z/.m2/repository/org/apache/maven/doxia/doxia-module-apt/1.2/doxia-module-apt-1.2.jar
8f068000-8f069000 r-xs 00003000 00:24 2203412452  /comptes/E12B336Z/.m2/repository/org/apache/maven/doxia/doxia-module-xhtml/1.2/doxia-module-xhtml-1.2.jar
8f069000-8f06b000 r-xs 0000a000 00:24 3853107646  /comptes/E12B336Z/.m2/repository/commons-codec/commons-codec/1.3/commons-codec-1.3.jar
8f06b000-8f070000 r-xs 00026000 00:24 3969359665  /comptes/E12B336Z/.m2/repository/org/apache/httpcomponents/httpcore/4.0.1/httpcore-4.0.1.jar
8f070000-8f077000 r-xs 00041000 00:24 3969359663  /comptes/E12B336Z/.m2/repository/org/apache/httpcomponents/httpclient/4.0.2/httpclient-4.0.2.jar
8f077000-8f07f000 r-xs 00028000 00:24 19739364   /comptes/E12B336Z/.m2/repository/xml-apis/xml-apis/1.3.04/xml-apis-1.3.04.jar
8f07f000-8f097000 r-xs 00115000 00:24 2233521576  /comptes/E12B336Z/.m2/repository/xerces/xercesImpl/2.9.1/xercesImpl-2.9.1.jar
8f097000-8f09b000 r-xs 00022000 00:24 3808257    /comptes/E12B336Z/.m2/repository/org/apache/maven/doxia/doxia-core/1.2/doxia-core-1.2.jar
8f09b000-8f09e000 r-xs 0001b000 00:24 3435318904  /comptes/E12B336Z/.m2/repository/junit/junit/3.8.1/junit-3.8.1.jar
8f09e000-8f09f000 r-xs 00002000 00:24 6793389    /comptes/E12B336Z/.m2/repository/org/apache/maven/doxia/doxia-logging-api/1.2/doxia-logging-api-1.2.jar
8f09f000-8f0a1000 r-xs 00002000 00:24 3969359658  /comptes/E12B336Z/.m2/repository/org/sonatype/plexus/plexus-cipher/1.4/plexus-cipher-1.4.jar
8f0a1000-8f0a2000 r-xs 00006000 00:24 3969359657  /comptes/E12B336Z/.m2/repository/org/sonatype/plexus/plexus-sec-dispatcher/1.3/plexus-sec-dispatcher-1.3.jar
8f0a2000-8f0a4000 r-xs 00000000 00:24 19470471   /comptes/E12B336Z/.m2/repository/org/codehaus/plexus/plexus-component-annotations/1.5.5/plexus-component-annotations-1.5.5.jar
8f0a4000-8f0af000 r-xs 00069000 00:24 19697116   /comptes/E12B336Z/.m2/repository/org/sonatype/sisu/sisu-guice/2.1.7/sisu-guice-2.1.7-noaop.jar
8f0af000-8f0b2000 ---p 00000000 00:00 0 
8f0b2000-8f100000 rwxp 00000000 00:00 0 
8f100000-8f1fd000 rwxp 00000000 00:00 0 
8f1fd000-8f200000 ---p 00000000 00:00 0 
8f200000-8f2ff000 rwxp 00000000 00:00 0 
8f2ff000-8f300000 ---p 00000000 00:00 0 
8f300000-8f3ff000 rwxp 00000000 00:00 0 
8f3ff000-8f400000 ---p 00000000 00:00 0 
8f400000-8f402000 r-xs 0000d000 00:24 19697125   /comptes/E12B336Z/.m2/repository/org/codehaus/plexus/plexus-interpolation/1.14/plexus-interpolation-1.14.jar
8f402000-8f407000 r-xs 00021000 00:24 19696217   /comptes/E12B336Z/.m2/repository/org/sonatype/sisu/sisu-inject-bean/1.4.2/sisu-inject-bean-1.4.2.jar
8f407000-8f40b000 r-xs 00017000 00:24 3969359653  /comptes/E12B336Z/.m2/repository/org/sonatype/aether/aether-util/1.7/aether-util-1.7.jar
8f40b000-8f413000 r-xs 00058000 00:24 19696984   /comptes/E12B336Z/.m2/repository/velocity/velocity/1.5/velocity-1.5.jar
8f413000-8f415000 r-xs 0000e000 00:24 3139008426  /comptes/E12B336Z/.m2/repository/oro/oro/2.0.8/oro-2.0.8.jar
8f415000-8f41d000 r-xs 00058000 00:24 3139008425  /comptes/E12B336Z/.m2/repository/org/apache/velocity/velocity/1.5/velocity-1.5.jar
8f41d000-8f41e000 r-xs 00002000 00:24 2233507208  /comptes/E12B336Z/.m2/repository/org/apache/maven/reporting/maven-reporting-api/3.0/maven-reporting-api-3.0.jar
8f41e000-8f420000 r-xs 00004000 00:24 2166004500  /comptes/E12B336Z/.m2/repository/org/apache/maven/reporting/maven-reporting-exec/1.0.1/maven-reporting-exec-1.0.1.jar
8f420000-8f423000 ---p 00000000 00:00 0 
8f423000-8f471000 rwxp 00000000 00:00 0 
8f471000-8f472000 ---p 00000000 00:00 0 
8f472000-8f4f2000 rwxp 00000000 00:00 0 
8f4f2000-8f4f5000 ---p 00000000 00:00 0 
8f4f5000-8f543000 rwxp 00000000 00:00 0 
8f543000-8f546000 ---p 00000000 00:00 0 
8f546000-8f5c4000 rwxp 00000000 00:00 0 
8f5c4000-8f5c7000 ---p 00000000 00:00 0 
8f5c7000-8f645000 rwxp 00000000 00:00 0 
8f645000-8f648000 ---p 00000000 00:00 0 
8f648000-8f696000 rwxp 00000000 00:00 0 
8f696000-8f896000 r-xp 00000000 00:11 13638566   /usr/lib/locale/locale-archive
8f896000-8f899000 ---p 00000000 00:00 0 
8f899000-8f8e7000 rwxp 00000000 00:00 0 
8f8e7000-8f8e8000 ---p 00000000 00:00 0 
8f8e8000-8f968000 rwxp 00000000 00:00 0 
8f968000-8fb00000 r-xs 03029000 00:11 14156575   /usr/lib/jvm/java-6-sun-1.6.0.26/jre/lib/rt.jar
8fb00000-8fbfc000 rwxp 00000000 00:00 0 
8fbfc000-8fc00000 ---p 00000000 00:00 0 
8fc00000-8fc01000 r-xs 00002000 00:24 19469819   /comptes/E12B336Z/.m2/repository/org/apache/maven/doxia/doxia-sink-api/1.2/doxia-sink-api-1.2.jar
8fc01000-8fc03000 r-xs 0001a000 00:24 15952935   /comptes/E12B336Z/.m2/repository/org/apache/maven/plugins/maven-site-plugin/3.0/maven-site-plugin-3.0.jar
8fc03000-8fc0a000 r-xp 00000000 00:11 14156714   /usr/lib/jvm/java-6-sun-1.6.0.26/jre/lib/i386/libnio.so
8fc0a000-8fc0b000 rwxp 00006000 00:11 14156714   /usr/lib/jvm/java-6-sun-1.6.0.26/jre/lib/i386/libnio.so
8fc0b000-8fc1f000 r-xp 00000000 00:11 14156713   /usr/lib/jvm/java-6-sun-1.6.0.26/jre/lib/i386/libnet.so
8fc1f000-8fc20000 rwxp 00013000 00:11 14156713   /usr/lib/jvm/java-6-sun-1.6.0.26/jre/lib/i386/libnet.so
8fc20000-8fc22000 r-xs 00008000 00:21 1638130084  /usr/local/opt/maven/lib/xercesMinimal-1.9.6.2.jar
8fc22000-8fc28000 r-xs 0002a000 00:21 1638130015  /usr/local/opt/maven/lib/sisu-inject-plexus-2.1.1.jar
8fc28000-8fc2e000 r-xs 00033000 00:21 1638130014  /usr/local/opt/maven/lib/sisu-inject-bean-2.1.1.jar
8fc2e000-8fc31000 ---p 00000000 00:00 0 
8fc31000-8fc7f000 rwxp 00000000 00:00 0 
8fc7f000-8fc80000 ---p 00000000 00:00 0 
8fc80000-8fd00000 rwxp 00000000 00:00 0 
8fd00000-8fd2a000 rwxp 00000000 00:00 0 
8fd2a000-8fe00000 ---p 00000000 00:00 0 
8fe00000-8fe01000 r-xp 00000000 00:00 0 
8fe01000-8fe03000 r-xs 0000b000 00:21 1638130083  /usr/local/opt/maven/lib/wagon-provider-api-1.0-beta-7.jar
8fe03000-8fe05000 r-xs 00005000 00:21 1638130082  /usr/local/opt/maven/lib/wagon-http-shared-1.0-beta-7.jar
8fe05000-8fe11000 r-xs 0006b000 00:21 1638130013  /usr/local/opt/maven/lib/sisu-guice-2.9.4-no_aop.jar
8fe11000-8fe15000 r-xs 00033000 00:21 1638130012  /usr/local/opt/maven/lib/plexus-utils-2.0.6.jar
8fe15000-8fe17000 r-xs 0000d000 00:21 1638130010  /usr/local/opt/maven/lib/plexus-interpolation-1.14.jar
8fe17000-8fe19000 r-xs 00000000 00:21 1638130009  /usr/local/opt/maven/lib/plexus-component-annotations-1.5.5.jar
8fe19000-8fe1b000 r-xs 00002000 00:21 1638130008  /usr/local/opt/maven/lib/plexus-cipher-1.4.jar
8fe1b000-8fe1e000 r-xs 00019000 00:21 1638130007  /usr/local/opt/maven/lib/nekohtml-1.9.6.2.jar
8fe1e000-8fe21000 r-xs 00008000 00:21 1638130006  /usr/local/opt/maven/lib/maven-settings-builder-3.0.3.jar
8fe21000-8fe23000 r-xs 0000a000 00:21 1638130005  /usr/local/opt/maven/lib/maven-settings-3.0.3.jar
8fe23000-8fe25000 r-xs 00006000 00:21 1638130004  /usr/local/opt/maven/lib/maven-repository-metadata-3.0.3.jar
8fe25000-8fe27000 r-xs 0000b000 00:21 1638130003  /usr/local/opt/maven/lib/maven-plugin-api-3.0.3.jar
8fe27000-8fe2c000 r-xs 00020000 00:21 1638130002  /usr/local/opt/maven/lib/maven-model-builder-3.0.3.jar
8fe2c000-8fe37000 r-xs 0007d000 00:21 1638129999  /usr/local/opt/maven/lib/maven-core-3.0.3.jar
8fe37000-8fe6b000 rwxp 00000000 00:00 0 
8fe6b000-8fe6c000 ---p 00000000 00:00 0 
8fe6c000-8ff07000 rwxp 00000000 00:00 0 
8ff07000-8ff0c000 rwxp 00000000 00:00 0 
8ff0c000-8ff1f000 rwxp 00000000 00:00 0 
8ff1f000-8ffb4000 rwxp 00000000 00:00 0 
8ffb4000-8ffcf000 rwxp 00000000 00:00 0 
8ffcf000-8ffd4000 rwxp 00000000 00:00 0 
8ffd4000-8ffe7000 rwxp 00000000 00:00 0 
8ffe7000-9007b000 rwxp 00000000 00:00 0 
9007b000-900cf000 rwxp 00000000 00:00 0 
900cf000-93650000 rwxp 00000000 00:00 0 
93650000-940d0000 rwxp 00000000 00:00 0 
940d0000-965a0000 rwxp 00000000 00:00 0 
965a0000-a8f80000 rwxp 00000000 00:00 0 
a8f80000-b3640000 rwxp 00000000 00:00 0 
b3640000-b36d0000 ---p 00000000 00:00 0 
b36d0000-b36d1000 r-xs 00003000 00:21 1638130081  /usr/local/opt/maven/lib/wagon-http-lightweight-1.0-beta-7.jar
b36d1000-b36d2000 r-xs 00002000 00:21 1638130080  /usr/local/opt/maven/lib/wagon-file-1.0-beta-7.jar
b36d2000-b36d4000 r-xs 00026000 00:21 1638130001  /usr/local/opt/maven/lib/maven-model-3.0.3.jar
b36d4000-b36e6000 rwxp 00000000 00:00 0 
b36e6000-b3794000 rwxp 00000000 00:00 0 
b3794000-b3bfc000 rwxp 00000000 00:00 0 
b3bfc000-b6794000 rwxp 00000000 00:00 0 
b6794000-b67c9000 r-xs 00000000 00:16 9511       /.var/cache/nscd/passwd
b67c9000-b67df000 r-xp 00000000 00:11 11670426   /lib/i386-linux-gnu/libnsl-2.15.so
b67df000-b67e0000 r-xp 00015000 00:11 11670426   /lib/i386-linux-gnu/libnsl-2.15.so
b67e0000-b67e1000 rwxp 00016000 00:11 11670426   /lib/i386-linux-gnu/libnsl-2.15.so
b67e1000-b67e3000 rwxp 00000000 00:00 0 
b67e3000-b67e4000 r-xs 00006000 00:21 1638130011  /usr/local/opt/maven/lib/plexus-sec-dispatcher-1.3.jar
b67e4000-b67e5000 r-xs 0000a000 00:21 1638130000  /usr/local/opt/maven/lib/maven-embedder-3.0.3.jar
b67e5000-b67eb000 r-xs 0003f000 00:21 1638129998  /usr/local/opt/maven/lib/maven-compat-3.0.3.jar
b67eb000-b67ed000 r-xs 0000b000 00:21 1638129997  /usr/local/opt/maven/lib/maven-artifact-3.0.3.jar
b67ed000-b67ef000 r-xs 0000c000 00:21 1638129996  /usr/local/opt/maven/lib/maven-aether-provider-3.0.3.jar
b67ef000-b67fe000 r-xp 00000000 00:11 14156722   /usr/lib/jvm/java-6-sun-1.6.0.26/jre/lib/i386/libzip.so
b67fe000-b6800000 rwxp 0000e000 00:11 14156722   /usr/lib/jvm/java-6-sun-1.6.0.26/jre/lib/i386/libzip.so
b6800000-b68fd000 rwxp 00000000 00:00 0 
b68fd000-b6900000 ---p 00000000 00:00 0 
b6900000-b6902000 r-xs 00009000 00:21 1638129995  /usr/local/opt/maven/lib/commons-cli-1.2.jar
b6902000-b6906000 r-xs 0001a000 00:21 1638129994  /usr/local/opt/maven/lib/aether-util-1.11.jar
b6906000-b6907000 r-xs 00003000 00:21 1638129993  /usr/local/opt/maven/lib/aether-spi-1.11.jar
b6907000-b690a000 r-xs 0001c000 00:21 1638129992  /usr/local/opt/maven/lib/aether-impl-1.11.jar
b690a000-b690c000 r-xs 00006000 00:21 1638129991  /usr/local/opt/maven/lib/aether-connector-wagon-1.11.jar
b690c000-b692f000 r-xp 00000000 00:11 14156698   /usr/lib/jvm/java-6-sun-1.6.0.26/jre/lib/i386/libjava.so
b692f000-b6931000 rwxp 00023000 00:11 14156698   /usr/lib/jvm/java-6-sun-1.6.0.26/jre/lib/i386/libjava.so
b6931000-b6938000 r-xp 00000000 00:11 11670449   /lib/i386-linux-gnu/librt-2.15.so
b6938000-b6939000 r-xp 00006000 00:11 11670449   /lib/i386-linux-gnu/librt-2.15.so
b6939000-b693a000 rwxp 00007000 00:11 11670449   /lib/i386-linux-gnu/librt-2.15.so
b693a000-b693d000 ---p 00000000 00:00 0 
b693d000-b698b000 rwxp 00000000 00:00 0 
b698b000-b69b5000 r-xp 00000000 00:11 11670419   /lib/i386-linux-gnu/libm-2.15.so
b69b5000-b69b6000 r-xp 00029000 00:11 11670419   /lib/i386-linux-gnu/libm-2.15.so
b69b6000-b69b7000 rwxp 0002a000 00:11 11670419   /lib/i386-linux-gnu/libm-2.15.so
b69b7000-b7169000 r-xp 00000000 00:11 14156731   /usr/lib/jvm/java-6-sun-1.6.0.26/jre/lib/i386/server/libjvm.so
b7169000-b71bd000 rwxp 007b1000 00:11 14156731   /usr/lib/jvm/java-6-sun-1.6.0.26/jre/lib/i386/server/libjvm.so
b71bd000-b75dc000 rwxp 00000000 00:00 0 
b75dc000-b777b000 r-xp 00000000 00:11 11670400   /lib/i386-linux-gnu/libc-2.15.so
b777b000-b777d000 r-xp 0019f000 00:11 11670400   /lib/i386-linux-gnu/libc-2.15.so
b777d000-b777e000 rwxp 001a1000 00:11 11670400   /lib/i386-linux-gnu/libc-2.15.so
b777e000-b7781000 rwxp 00000000 00:00 0 
b7781000-b7784000 r-xp 00000000 00:11 11670408   /lib/i386-linux-gnu/libdl-2.15.so
b7784000-b7785000 r-xp 00002000 00:11 11670408   /lib/i386-linux-gnu/libdl-2.15.so
b7785000-b7786000 rwxp 00003000 00:11 11670408   /lib/i386-linux-gnu/libdl-2.15.so
b7786000-b778d000 r-xp 00000000 00:11 14156727   /usr/lib/jvm/java-6-sun-1.6.0.26/jre/lib/i386/jli/libjli.so
b778d000-b778f000 rwxp 00006000 00:11 14156727   /usr/lib/jvm/java-6-sun-1.6.0.26/jre/lib/i386/jli/libjli.so
b778f000-b7790000 rwxp 00000000 00:00 0 
b7790000-b77a7000 r-xp 00000000 00:11 11670445   /lib/i386-linux-gnu/libpthread-2.15.so
b77a7000-b77a8000 r-xp 00016000 00:11 11670445   /lib/i386-linux-gnu/libpthread-2.15.so
b77a8000-b77a9000 rwxp 00017000 00:11 11670445   /lib/i386-linux-gnu/libpthread-2.15.so
b77a9000-b77ab000 rwxp 00000000 00:00 0 
b77ab000-b77af000 r-xs 00012000 00:21 1638129990  /usr/local/opt/maven/lib/aether-api-1.11.jar
b77af000-b77b1000 r-xs 0000a000 00:21 570076191  /usr/local/opt/maven/boot/plexus-classworlds-2.4.jar
b77b1000-b77b2000 r-xp 002ba000 00:11 13638566   /usr/lib/locale/locale-archive
b77b2000-b77ba000 rwxs 00000000 00:13 116506     /tmp/hsperfdata_E12B336Z/5305
b77ba000-b77bb000 rwxp 00000000 00:00 0 
b77bb000-b77bc000 r-xp 00000000 00:00 0 
b77bc000-b77c7000 r-xp 00000000 00:11 14156721   /usr/lib/jvm/java-6-sun-1.6.0.26/jre/lib/i386/libverify.so
b77c7000-b77c8000 rwxp 0000b000 00:11 14156721   /usr/lib/jvm/java-6-sun-1.6.0.26/jre/lib/i386/libverify.so
b77c8000-b77ca000 rwxp 00000000 00:00 0 
b77ca000-b77cb000 r-xp 00000000 00:00 0          [vdso]
b77cb000-b77eb000 r-xp 00000000 00:11 11670388   /lib/i386-linux-gnu/ld-2.15.so
b77eb000-b77ec000 r-xp 0001f000 00:11 11670388   /lib/i386-linux-gnu/ld-2.15.so
b77ec000-b77ed000 rwxp 00020000 00:11 11670388   /lib/i386-linux-gnu/ld-2.15.so
bfda5000-bfdc6000 rwxp 00000000 00:00 0          [stack]

VM Arguments:
jvm_args: -Dclassworlds.conf=/usr/local/opt/maven/bin/m2.conf -Dmaven.home=/usr/local/opt/maven 
java_command: org.codehaus.plexus.classworlds.launcher.Launcher site
Launcher Type: SUN_STANDARD

Environment Variables:
JAVA_HOME=/usr/lib/jvm/java-6-sun
PATH=/usr/lib/lightdm/lightdm:/usr/local/sbin:/usr/local/bin:/usr/sbin:/usr/bin:/sbin:/bin:/usr/games:/usr/local/opt/matlab/R2010b/bin:/usr/local/opt/Oxygen/13:/usr/local/opt/Client_oracle:/usr/local/opt/Mars:/usr/local/opt/logisim:/usr/local/opt/sqldeveloper:/usr/local/opt/ArgoUML:/usr/local/opt/Chipmunk/bin:/usr/local/opt/Maple/9/bin:/usr/lib/gmt/bin:/usr/local/opt/xenomai/bin:/usr/local/opt/maven/bin:/usr/local/opt/atelierB4/AB/bbin:/usr/local/opt/ProB:/usr/local/opt/rodin:/usr/local/opt/cadp/bin.iX86:/usr/local/opt/cadp/com:/usr/local/opt/fmj:/usr/local/opt/sagemath:/usr/local/opt/open-cobol/bin:/usr/local/opt/TOS-DI:/usr/local/opt/protege:/comptes/E12B336Z/bin/Eiffel71/studio/spec/linux-x86/bin
LD_LIBRARY_PATH=/usr/lib/jvm/java-6-sun-1.6.0.26/jre/lib/i386/server:/usr/lib/jvm/java-6-sun-1.6.0.26/jre/lib/i386:/usr/lib/jvm/java-6-sun-1.6.0.26/jre/../lib/i386::/usr/local/opt/xenomai/lib:/usr/local/opt/Client_oracle
SHELL=/bin/bash
DISPLAY=:0.0

Signal Handlers:
SIGSEGV: [libjvm.so+0x725510], sa_mask[0]=0x7ffbfeff, sa_flags=0x10000004
SIGBUS: [libjvm.so+0x725510], sa_mask[0]=0x7ffbfeff, sa_flags=0x10000004
SIGFPE: [libjvm.so+0x5dff20], sa_mask[0]=0x7ffbfeff, sa_flags=0x10000004
SIGPIPE: [libjvm.so+0x5dff20], sa_mask[0]=0x7ffbfeff, sa_flags=0x10000004
SIGXFSZ: [libjvm.so+0x5dff20], sa_mask[0]=0x7ffbfeff, sa_flags=0x10000004
SIGILL: [libjvm.so+0x5dff20], sa_mask[0]=0x7ffbfeff, sa_flags=0x10000004
SIGUSR1: SIG_DFL, sa_mask[0]=0x00000000, sa_flags=0x00000000
SIGUSR2: [libjvm.so+0x5e3160], sa_mask[0]=0x00000000, sa_flags=0x10000004
SIGHUP: [libjvm.so+0x5e2d40], sa_mask[0]=0x7ffbfeff, sa_flags=0x10000004
SIGINT: [libjvm.so+0x5e2d40], sa_mask[0]=0x7ffbfeff, sa_flags=0x10000004
SIGTERM: [libjvm.so+0x5e2d40], sa_mask[0]=0x7ffbfeff, sa_flags=0x10000004
SIGQUIT: [libjvm.so+0x5e2d40], sa_mask[0]=0x7ffbfeff, sa_flags=0x10000004


---------------  S Y S T E M  ---------------

OS:Red Hat Enterprise Linux 6 (Ubuntu Natty Faked)

uname:Linux 3.2.0-27-generic #43-Ubuntu SMP Fri Jul 6 14:46:35 UTC 2012 i686
libc:glibc 2.15 NPTL 2.15 
rlimit: STACK 8192k, CORE 0k, NPROC 15939, NOFILE 4096, AS infinity
load average:4.17 1.68 1.15

/proc/meminfo:
MemTotal:        2050752 kB
MemFree:           89844 kB
Buffers:             248 kB
Cached:           151540 kB
SwapCached:            0 kB
Active:          1767292 kB
Inactive:         125856 kB
Active(anon):    1762788 kB
Inactive(anon):    91320 kB
Active(file):       4504 kB
Inactive(file):    34536 kB
Unevictable:           0 kB
Mlocked:               0 kB
HighTotal:       1176944 kB
HighFree:            460 kB
LowTotal:         873808 kB
LowFree:           89384 kB
SwapTotal:             0 kB
SwapFree:              0 kB
Dirty:                76 kB
Writeback:            28 kB
AnonPages:       1741424 kB
Mapped:            18400 kB
Shmem:            112684 kB
Slab:              44612 kB
SReclaimable:      27608 kB
SUnreclaim:        17004 kB
KernelStack:        3144 kB
PageTables:         8044 kB
NFS_Unstable:          0 kB
Bounce:                0 kB
WritebackTmp:          0 kB
CommitLimit:     1025376 kB
Committed_AS:    3070428 kB
VmallocTotal:     122880 kB
VmallocUsed:       13072 kB
VmallocChunk:     100844 kB
HardwareCorrupted:     0 kB
AnonHugePages:         0 kB
HugePages_Total:       0
HugePages_Free:        0
HugePages_Rsvd:        0
HugePages_Surp:        0
Hugepagesize:       4096 kB
DirectMap4k:       16376 kB
DirectMap4M:      892928 kB


CPU:total 2 (2 cores per cpu, 1 threads per core) family 6 model 23 stepping 10, cmov, cx8, fxsr, mmx, sse, sse2, sse3, ssse3

/proc/cpuinfo:
processor	: 0
vendor_id	: GenuineIntel
cpu family	: 6
model		: 23
model name	: Pentium(R) Dual-Core  CPU      E5200  @ 2.50GHz
stepping	: 10
microcode	: 0xa07
cpu MHz		: 2493.436
cache size	: 2048 KB
physical id	: 0
siblings	: 2
core id		: 0
cpu cores	: 2
apicid		: 0
initial apicid	: 0
fdiv_bug	: no
hlt_bug		: no
f00f_bug	: no
coma_bug	: no
fpu		: yes
fpu_exception	: yes
cpuid level	: 13
wp		: yes
flags		: fpu vme de pse tsc msr pae mce cx8 apic mtrr pge mca cmov pat pse36 clflush dts acpi mmx fxsr sse sse2 ss ht tm pbe nx lm constant_tsc arch_perfmon pebs bts aperfmperf pni dtes64 monitor ds_cpl est tm2 ssse3 cx16 xtpr pdcm xsave lahf_lm dts
bogomips	: 4986.87
clflush size	: 64
cache_alignment	: 64
address sizes	: 36 bits physical, 48 bits virtual
power management:

processor	: 1
vendor_id	: GenuineIntel
cpu family	: 6
model		: 23
model name	: Pentium(R) Dual-Core  CPU      E5200  @ 2.50GHz
stepping	: 10
microcode	: 0xa07
cpu MHz		: 2493.436
cache size	: 2048 KB
physical id	: 0
siblings	: 2
core id		: 1
cpu cores	: 2
apicid		: 1
initial apicid	: 1
fdiv_bug	: no
hlt_bug		: no
f00f_bug	: no
coma_bug	: no
fpu		: yes
fpu_exception	: yes
cpuid level	: 13
wp		: yes
flags		: fpu vme de pse tsc msr pae mce cx8 apic mtrr pge mca cmov pat pse36 clflush dts acpi mmx fxsr sse sse2 ss ht tm pbe nx lm constant_tsc arch_perfmon pebs bts aperfmperf pni dtes64 monitor ds_cpl est tm2 ssse3 cx16 xtpr pdcm xsave lahf_lm dts
bogomips	: 4986.83
clflush size	: 64
cache_alignment	: 64
address sizes	: 36 bits physical, 48 bits virtual
power management:



Memory: 4k page, physical 2050752k(89844k free), swap 0k(0k free)

vm_info: Java HotSpot(TM) Server VM (20.1-b02) for linux-x86 JRE (1.6.0_26-b03), built on May  4 2011 01:04:10 by "java_re" with gcc 3.2.1-7a (J2SE release)

time: Fri Apr  5 11:33:20 2013
elapsed time: 42 seconds

